#
# A fatal error has been detected by the Java Runtime Environment:
#
#  EXCEPTION_ACCESS_VIOLATION (0xc0000005) at pc=0x00007ffbbbe23ffa, pid=4032, tid=7416
#
# JRE version: OpenJDK Runtime Environment (21.0.1+12) (build 21.0.1+12-29)
# Java VM: OpenJDK 64-Bit Server VM (21.0.1+12-29, mixed mode, emulated-client, sharing, tiered, compressed oops, compressed class ptrs, g1 gc, windows-amd64)
# Problematic frame:
# V  [jvm.dll+0x223ffa]
#
# No core dump will be written. Minidumps are not enabled by default on client versions of Windows
#
# If you would like to submit a bug report, please visit:
#   https://bugreport.java.com/bugreport/crash.jsp
#

---------------  S U M M A R Y ------------

Command Line: -XX:TieredStopAtLevel=1 -Dspring.output.ansi.enabled=always -Dcom.sun.management.jmxremote -Dspring.jmx.enabled=true -Dspring.liveBeansView.mbeanDomain -Dspring.application.admin.enabled=true -Dmanagement.endpoints.jmx.exposure.include=* -javaagent:C:\Program Files\JetBrains\IntelliJ IDEA 2022.3.3\lib\idea_rt.jar=56325:C:\Program Files\JetBrains\IntelliJ IDEA 2022.3.3\bin -Dfile.encoding=UTF-8 -Dsun.stdout.encoding=UTF-8 -Dsun.stderr.encoding=UTF-8 com.example.fashion.FashionApplication

Host: Intel(R) Core(TM) i5-4200U CPU @ 1.60GHz, 4 cores, 7G,  Windows 10 , 64 bit Build 19041 (10.0.19041.3636)
Time: Mon Dec 18 00:41:22 2023 SE Asia Standard Time elapsed time: 16435.109215 seconds (0d 4h 33m 55s)

---------------  T H R E A D  ---------------

Current thread (0x000001d37a9df510):  WorkerThread "G1 Conc#0"      [id=7416, stack(0x000000bca1900000,0x000000bca1a00000) (1024K)]

Stack: [0x000000bca1900000,0x000000bca1a00000],  sp=0x000000bca19ff810,  free space=1022k
Native frames: (J=compiled Java code, j=interpreted, Vv=VM code, C=native code)
V  [jvm.dll+0x223ffa]
V  [jvm.dll+0x318f9d]
V  [jvm.dll+0x318372]
V  [jvm.dll+0x335fa0]
V  [jvm.dll+0x332791]
V  [jvm.dll+0x33433c]
V  [jvm.dll+0x333069]
V  [jvm.dll+0x336ae6]
V  [jvm.dll+0x881f77]
V  [jvm.dll+0x7fd728]
V  [jvm.dll+0x6c777d]
C  [ucrtbase.dll+0x21bb2]
C  [KERNEL32.DLL+0x17344]
C  [ntdll.dll+0x526b1]


siginfo: EXCEPTION_ACCESS_VIOLATION (0xc0000005), reading address 0xffffffffffffffff


Registers:
RAX=0x000001d30e198000, RBX=0x4e6e90892d7656a8, RCX=0x4e6e90892d7656a8, RDX=0x000000bca19ff990
RSP=0x000000bca19ff810, RBP=0x000000bca19ff990, RSI=0x000001d30d006f68, RDI=0x000000008245881c
R8 =0x0000000000000003, R9 =0x0000000000000000, R10=0x000001d37a989c50, R11=0x0000000000000003
R12=0x0000000000000000, R13=0xaaaaaaaaaaaaaaab, R14=0x00000000824587b0, R15=0x000001d30d006f68
RIP=0x00007ffbbbe23ffa, EFLAGS=0x0000000000010206


Register to memory mapping:

RAX=0x000001d30e198000 is pointing into metadata
RBX=0x4e6e90892d7656a8 is an unknown value
RCX=0x4e6e90892d7656a8 is an unknown value
RDX=0x000000bca19ff990 points into unknown readable memory: 0x00007ffbbc5d09a8 | a8 09 5d bc fb 7f 00 00
RSP=0x000000bca19ff810 points into unknown readable memory: 0x000000008245881c | 1c 88 45 82 00 00 00 00
RBP=0x000000bca19ff990 points into unknown readable memory: 0x00007ffbbc5d09a8 | a8 09 5d bc fb 7f 00 00
RSI={method} {0x000001d30d006f70} 'toString' '()Ljava/lang/String;' in 'java/lang/Class'
RDI=0x000000008245881c is pointing into object: java.lang.Class 
{0x00000000824587b0} - klass: 'java/lang/Class'
 - ---- fields (total size 14 words):
 - private volatile transient 'classRedefinedCount' 'I' @12  0 (0x00000000)
 - injected 'klass' 'J' @16  2005986279424 (0x000001d30e198000)
 - injected 'array_klass' 'J' @24  0 (0x0000000000000000)
 - injected 'oop_size' 'I' @32  14 (0x0000000e)
 - injected 'static_oop_field_count' 'I' @36  0 (0x00000000)
 - private volatile transient 'cachedConstructor' 'Ljava/lang/reflect/Constructor;' @40  null (0x00000000)
 - private transient 'name' 'Ljava/lang/String;' @44  "org.jboss.logging.LoggerProvider"{0x000000008245a610} (0x8245a610)
 - private transient 'module' 'Ljava/lang/Module;' @48  a 'java/lang/Module'{0x0000000081611d80} (0x81611d80)
 - private final 'classLoader' 'Ljava/lang/ClassLoader;' @52  a 'jdk/internal/loader/ClassLoaders$AppClassLoader'{0x0000000081611bb0} (0x81611bb0)
 - private transient 'classData' 'Ljava/lang/Object;' @56  null (0x00000000)
 - private transient 'packageName' 'Ljava/lang/String;' @60  "org.jboss.logging"{0x00000000816fb2c0} (0x816fb2c0)
 - private final 'componentType' 'Ljava/lang/Class;' @64  null (0x00000000)
 - private volatile transient 'reflectionData' 'Ljava/lang/ref/SoftReference;' @68  null (0x00000000)
 - private volatile transient 'genericInfo' 'Lsun/reflect/generics/repository/ClassRepository;' @72  null (0x00000000)
 - private volatile transient 'enumConstants' '[Ljava/lang/Object;' @76  null (0x00000000)
 - private volatile transient 'enumConstantDirectory' 'Ljava/util/Map;' @80  null (0x00000000)
 - private volatile transient 'annotationData' 'Ljava/lang/Class$AnnotationData;' @84  null (0x00000000)
 - private volatile transient 'annotationType' 'Lsun/reflect/annotation/AnnotationType;' @88  null (0x00000000)
 - transient 'classValueMap' 'Ljava/lang/ClassValue$ClassValueMap;' @92  null (0x00000000)
 - injected 'protection_domain' 'Ljava/lang/Object;' @96  a 'java/security/ProtectionDomain'{0x0000000081d69ac0} (0x81d69ac0)
 - injected 'signers_name' 'Ljava/lang/Object;' @100  null (0x00000000)
 - injected 'source_file' 'Ljava/lang/Object;' @104  null (0x00000000)
 - signature: 
[error occurred during error reporting (printing register info), id 0xc0000005, EXCEPTION_ACCESS_VIOLATION (0xc0000005) at pc=0x00007ffbbbfe8288]
R8 =0x0000000000000003 is an unknown value
R9 =0x0 is null
R10=0x000001d37a989c50 points into unknown readable memory: 0x00007ffbbc5cf090 | 90 f0 5c bc fb 7f 00 00
R11=0x0000000000000003 is an unknown value
R12=0x0 is null
R13=0xaaaaaaaaaaaaaaab is an unknown value
R14=0x00000000824587b0 is an oop: java.lang.Class 
{0x00000000824587b0} - klass: 'java/lang/Class'
 - ---- fields (total size 14 words):
 - private volatile transient 'classRedefinedCount' 'I' @12  0 (0x00000000)
 - injected 'klass' 'J' @16  2005986279424 (0x000001d30e198000)
 - injected 'array_klass' 'J' @24  0 (0x0000000000000000)
 - injected 'oop_size' 'I' @32  14 (0x0000000e)
 - injected 'static_oop_field_count' 'I' @36  0 (0x00000000)
 - private volatile transient 'cachedConstructor' 'Ljava/lang/reflect/Constructor;' @40  null (0x00000000)
 - private transient 'name' 'Ljava/lang/String;' @44  "org.jboss.logging.LoggerProvider"{0x000000008245a610} (0x8245a610)
 - private transient 'module' 'Ljava/lang/Module;' @48  a 'java/lang/Module'{0x0000000081611d80} (0x81611d80)
 - private final 'classLoader' 'Ljava/lang/ClassLoader;' @52  a 'jdk/internal/loader/ClassLoaders$AppClassLoader'{0x0000000081611bb0} (0x81611bb0)
 - private transient 'classData' 'Ljava/lang/Object;' @56  null (0x00000000)
 - private transient 'packageName' 'Ljava/lang/String;' @60  "org.jboss.logging"{0x00000000816fb2c0} (0x816fb2c0)
 - private final 'componentType' 'Ljava/lang/Class;' @64  null (0x00000000)
 - private volatile transient 'reflectionData' 'Ljava/lang/ref/SoftReference;' @68  null (0x00000000)
 - private volatile transient 'genericInfo' 'Lsun/reflect/generics/repository/ClassRepository;' @72  null (0x00000000)
 - private volatile transient 'enumConstants' '[Ljava/lang/Object;' @76  null (0x00000000)
 - private volatile transient 'enumConstantDirectory' 'Ljava/util/Map;' @80  null (0x00000000)
 - private volatile transient 'annotationData' 'Ljava/lang/Class$AnnotationData;' @84  null (0x00000000)
 - private volatile transient 'annotationType' 'Lsun/reflect/annotation/AnnotationType;' @88  null (0x00000000)
 - transient 'classValueMap' 'Ljava/lang/ClassValue$ClassValueMap;' @92  null (0x00000000)
 - injected 'protection_domain' 'Ljava/lang/Object;' @96  a 'java/security/ProtectionDomain'{0x0000000081d69ac0} (0x81d69ac0)
 - injected 'signers_name' 'Ljava/lang/Object;' @100  null (0x00000000)
 - injected 'source_file' 'Ljava/lang/Object;' @104  null (0x00000000)
 - signature: 
[error occurred during error reporting (printing register info, attempt 2), id 0xc0000005, EXCEPTION_ACCESS_VIOLATION (0xc0000005) at pc=0x00007ffbbbfe8288]
R15={method} {0x000001d30d006f70} 'toString' '()Ljava/lang/String;' in 'java/lang/Class'

Top of Stack: (sp=0x000000bca19ff810)
0x000000bca19ff810:   000000008245881c 00007ffbbbf18f9d
0x000000bca19ff820:   0000000082458810 0000000000000000
0x000000bca19ff830:   0000000081c2bff0 00007ffbbbf18372
0x000000bca19ff840:   000000bca19ff950 0000000000000001
0x000000bca19ff850:   000001d30d006c70 00007ffbbbf18372
0x000000bca19ff860:   000000000000000e 000000bca19ff990
0x000000bca19ff870:   00000000824587b0 0000000000000040
0x000000bca19ff880:   000001d37a9e09a0 00007ffbbbf35fa0
0x000000bca19ff890:   00000000824587b0 000001d37a9ce2b0
0x000000bca19ff8a0:   000000bca19ff950 000001d37a9ce2b0
0x000000bca19ff8b0:   00000000824587b0 00007ffbbbf32791
0x000000bca19ff8c0:   000000000024b0f6 0000000000000002
0x000000bca19ff8d0:   0000000081c2bff0 00007ffbbbf33c2f
0x000000bca19ff8e0:   000000000025fffe 00007ffbbbf3433c
0x000000bca19ff8f0:   0000000082458740 000000000024b0f6
0x000000bca19ff900:   0000000001a39de0 000000000015752a
0x000000bca19ff910:   000001d37a9df8c0 0000000000000001
0x000000bca19ff920:   000001d37a9e09a0 00007ffbbbf33069
0x000000bca19ff930:   000001d37a9e0a38 0000000000000000
0x000000bca19ff940:   000000bca18ffa01 0000000000000000
0x000000bca19ff950:   000001d37a9ce2a0 000001d37a9e09a0
0x000000bca19ff960:   0000000082400000 000000000001fffe
0x000000bca19ff970:   0000000082400000 000000000001fffe
0x000000bca19ff980:   00000000000bebc2 00000000019ed92c
0x000000bca19ff990:   00007ffbbc5d09a8 000001d37a9f1b20
0x000000bca19ff9a0:   000000bc00000003 000001d37a989c50
0x000000bca19ff9b0:   000001d37a9e09a0 00007ffbbc298863
0x000000bca19ff9c0:   c215b08487f4ced9 0000000000000000
0x000000bca19ff9d0:   0000000000000000 0000000000000000
0x000000bca19ff9e0:   000001d37a9df8c0 000001d37a9f1a88
0x000000bca19ff9f0:   000001d37a9dfc98 0000000000000000
0x000000bca19ffa00:   000001d37a93d060 000000bca18ffa40 

Instructions: (pc=0x00007ffbbbe23ffa)
0x00007ffbbbe23efa:   e8 91 1a 66 00 4c 8b c0 48 85 c0 74 33 48 8b d0
0x00007ffbbbe23f0a:   48 23 15 cf 19 a4 00 48 0b 15 00 1a a4 00 74 20
0x00007ffbbbe23f1a:   48 8b c3 f0 48 0f b1 17 74 16 48 85 05 a5 19 a4
0x00007ffbbbe23f2a:   00 74 0d 48 8b c8 f0 48 0f b1 17 48 3b c1 75 ea
0x00007ffbbbe23f3a:   48 8b 5c 24 30 49 8b c0 48 83 c4 20 5f c3 cc cc
0x00007ffbbbe23f4a:   cc cc cc cc cc cc 48 89 6c 24 18 56 48 83 ec 20
0x00007ffbbbe23f5a:   48 8b 29 48 8b f2 48 85 ed 74 78 8b 85 00 01 00
0x00007ffbbbe23f6a:   00 48 89 5c 24 30 48 89 7c 24 38 85 c0 74 1d 48
0x00007ffbbbe23f7a:   8b dd 8b f8 66 90 48 8b 06 48 8b d3 48 8b ce ff
0x00007ffbbbe23f8a:   50 08 48 83 c3 08 48 83 ef 01 75 ea 48 8b bd 08
0x00007ffbbbe23f9a:   01 00 00 48 85 ff 74 31 8b 87 00 01 00 00 85 c0
0x00007ffbbbe23faa:   74 1b 48 8b df 8b e8 48 8b 06 48 8b d3 48 8b ce
0x00007ffbbbe23fba:   ff 50 08 48 83 c3 08 48 83 ed 01 75 ea 48 8b bf
0x00007ffbbbe23fca:   08 01 00 00 48 85 ff 75 cf 48 8b 5c 24 30 48 8b
0x00007ffbbbe23fda:   7c 24 38 48 8b 6c 24 40 48 83 c4 20 5e c3 cc cc
0x00007ffbbbe23fea:   cc cc cc cc cc cc 40 53 48 8b d9 45 85 c0 74 37
0x00007ffbbbe23ffa:   44 8b 59 28 45 8b d3 45 23 d0 45 3b d0 74 3b 0f
0x00007ffbbbe2400a:   1f 80 00 00 00 00 41 8b cb 41 8b c3 41 0b c8 f0
0x00007ffbbbe2401a:   0f b1 4b 28 74 11 44 8b 5b 28 41 8b c3 41 23 c0
0x00007ffbbbe2402a:   41 3b c0 75 e1 5b c3 45 84 c9 74 04 c6 43 22 00
0x00007ffbbbe2403a:   48 8d 4b 30 5b e9 0c ff ff ff 5b c3 cc cc cc cc
0x00007ffbbbe2404a:   cc cc cc cc cc cc 48 8b 41 40 48 85 c0 74 09 48
0x00007ffbbbe2405a:   8b 49 40 e9 fe 96 46 00 c3 cc cc cc cc cc cc cc
0x00007ffbbbe2406a:   cc cc cc cc cc cc 48 89 5c 24 08 57 48 83 ec 20
0x00007ffbbbe2407a:   80 79 20 00 48 8b fa 48 8b d9 75 50 48 8b 49 08
0x00007ffbbbe2408a:   48 85 c9 74 47 ff 15 8b cf 98 00 48 85 c0 74 3c
0x00007ffbbbe2409a:   4c 8b c3 48 8d 15 84 db 78 00 48 8b cf e8 f4 6e
0x00007ffbbbe240aa:   4a 00 48 8b 4b 08 48 85 c9 75 0e 33 c0 48 8b d7
0x00007ffbbbe240ba:   8b c8 e8 cf 05 49 00 eb 58 ff 15 57 cf 98 00 48
0x00007ffbbbe240ca:   8b c8 48 8b d7 e8 bc 05 49 00 eb 45 48 8b 8b 80
0x00007ffbbbe240da:   00 00 00 48 85 c9 75 09 48 8d 05 2f db 78 00 eb
0x00007ffbbbe240ea:   1b 48 8b 83 90 00 00 00 48 85 c0 74 0a 48 8b c8 


Stack slot to memory mapping:

stack at sp + 0 slots: 0x000000008245881c is pointing into object: java.lang.Class 
{0x00000000824587b0} - klass: 'java/lang/Class'
 - ---- fields (total size 14 words):
 - private volatile transient 'classRedefinedCount' 'I' @12  0 (0x00000000)
 - injected 'klass' 'J' @16  2005986279424 (0x000001d30e198000)
 - injected 'array_klass' 'J' @24  0 (0x0000000000000000)
 - injected 'oop_size' 'I' @32  14 (0x0000000e)
 - injected 'static_oop_field_count' 'I' @36  0 (0x00000000)
 - private volatile transient 'cachedConstructor' 'Ljava/lang/reflect/Constructor;' @40  null (0x00000000)
 - private transient 'name' 'Ljava/lang/String;' @44  "org.jboss.logging.LoggerProvider"{0x000000008245a610} (0x8245a610)
 - private transient 'module' 'Ljava/lang/Module;' @48  a 'java/lang/Module'{0x0000000081611d80} (0x81611d80)
 - private final 'classLoader' 'Ljava/lang/ClassLoader;' @52  a 'jdk/internal/loader/ClassLoaders$AppClassLoader'{0x0000000081611bb0} (0x81611bb0)
 - private transient 'classData' 'Ljava/lang/Object;' @56  null (0x00000000)
 - private transient 'packageName' 'Ljava/lang/String;' @60  "org.jboss.logging"{0x00000000816fb2c0} (0x816fb2c0)
 - private final 'componentType' 'Ljava/lang/Class;' @64  null (0x00000000)
 - private volatile transient 'reflectionData' 'Ljava/lang/ref/SoftReference;' @68  null (0x00000000)
 - private volatile transient 'genericInfo' 'Lsun/reflect/generics/repository/ClassRepository;' @72  null (0x00000000)
 - private volatile transient 'enumConstants' '[Ljava/lang/Object;' @76  null (0x00000000)
 - private volatile transient 'enumConstantDirectory' 'Ljava/util/Map;' @80  null (0x00000000)
 - private volatile transient 'annotationData' 'Ljava/lang/Class$AnnotationData;' @84  null (0x00000000)
 - private volatile transient 'annotationType' 'Lsun/reflect/annotation/AnnotationType;' @88  null (0x00000000)
 - transient 'classValueMap' 'Ljava/lang/ClassValue$ClassValueMap;' @92  null (0x00000000)
 - injected 'protection_domain' 'Ljava/lang/Object;' @96  a 'java/security/ProtectionDomain'{0x0000000081d69ac0} (0x81d69ac0)
 - injected 'signers_name' 'Ljava/lang/Object;' @100  null (0x00000000)
 - injected 'source_file' 'Ljava/lang/Object;' @104  null (0x00000000)
 - signature: 
[error occurred during error reporting (inspecting top of stack), id 0xc0000005, EXCEPTION_ACCESS_VIOLATION (0xc0000005) at pc=0x00007ffbbbfe8288]
stack at sp + 1 slots: 0x00007ffbbbf18f9d jvm.dll
stack at sp + 2 slots: 0x0000000082458810 is pointing into object: java.lang.Class 
{0x00000000824587b0} - klass: 'java/lang/Class'
 - ---- fields (total size 14 words):
 - private volatile transient 'classRedefinedCount' 'I' @12  0 (0x00000000)
 - injected 'klass' 'J' @16  2005986279424 (0x000001d30e198000)
 - injected 'array_klass' 'J' @24  0 (0x0000000000000000)
 - injected 'oop_size' 'I' @32  14 (0x0000000e)
 - injected 'static_oop_field_count' 'I' @36  0 (0x00000000)
 - private volatile transient 'cachedConstructor' 'Ljava/lang/reflect/Constructor;' @40  null (0x00000000)
 - private transient 'name' 'Ljava/lang/String;' @44  "org.jboss.logging.LoggerProvider"{0x000000008245a610} (0x8245a610)
 - private transient 'module' 'Ljava/lang/Module;' @48  a 'java/lang/Module'{0x0000000081611d80} (0x81611d80)
 - private final 'classLoader' 'Ljava/lang/ClassLoader;' @52  a 'jdk/internal/loader/ClassLoaders$AppClassLoader'{0x0000000081611bb0} (0x81611bb0)
 - private transient 'classData' 'Ljava/lang/Object;' @56  null (0x00000000)
 - private transient 'packageName' 'Ljava/lang/String;' @60  "org.jboss.logging"{0x00000000816fb2c0} (0x816fb2c0)
 - private final 'componentType' 'Ljava/lang/Class;' @64  null (0x00000000)
 - private volatile transient 'reflectionData' 'Ljava/lang/ref/SoftReference;' @68  null (0x00000000)
 - private volatile transient 'genericInfo' 'Lsun/reflect/generics/repository/ClassRepository;' @72  null (0x00000000)
 - private volatile transient 'enumConstants' '[Ljava/lang/Object;' @76  null (0x00000000)
 - private volatile transient 'enumConstantDirectory' 'Ljava/util/Map;' @80  null (0x00000000)
 - private volatile transient 'annotationData' 'Ljava/lang/Class$AnnotationData;' @84  null (0x00000000)
 - private volatile transient 'annotationType' 'Lsun/reflect/annotation/AnnotationType;' @88  null (0x00000000)
 - transient 'classValueMap' 'Ljava/lang/ClassValue$ClassValueMap;' @92  null (0x00000000)
 - injected 'protection_domain' 'Ljava/lang/Object;' @96  a 'java/security/ProtectionDomain'{0x0000000081d69ac0} (0x81d69ac0)
 - injected 'signers_name' 'Ljava/lang/Object;' @100  null (0x00000000)
 - injected 'source_file' 'Ljava/lang/Object;' @104  null (0x00000000)
 - signature: 
[error occurred during error reporting (inspecting top of stack, attempt 2), id 0xc0000005, EXCEPTION_ACCESS_VIOLATION (0xc0000005) at pc=0x00007ffbbbfe8288]
stack at sp + 3 slots: 0x0 is null
stack at sp + 4 slots: 0x0000000081c2bff0 is an oop: java.lang.String 
{0x0000000081c2bff0} - klass: 'java/lang/String'
 - string: "HV000089: Member %s is neither a field nor a method."
 - ---- fields (total size 3 words):
 - private 'hash' 'I' @12  0 (0x00000000)
 - private final 'coder' 'B' @16  0 (0x00)
 - private 'hashIsZero' 'Z' @17  false (0x00)
 - injected 'flags' 'B' @18  0 (0x00)
 - private final 'value' '[B' @20  [B{0x0000000081c2c008} (0x81c2c008)
stack at sp + 5 slots: 0x00007ffbbbf18372 jvm.dll
stack at sp + 6 slots: 0x000000bca19ff950 points into unknown readable memory: 0x000001d37a9ce2a0 | a0 e2 9c 7a d3 01 00 00
stack at sp + 7 slots: 0x0000000000000001 is an unknown value


---------------  P R O C E S S  ---------------

Threads class SMR info:
_java_thread_list=0x000001d354c31640, length=31, elements={
0x000001d30c808d70, 0x000001d30c809e40, 0x000001d30c80dc10, 0x000001d30c80e8f0,
0x000001d30c80fca0, 0x000001d30c8108b0, 0x000001d30c811c60, 0x000001d30c7d2ce0,
0x000001d3520c91a0, 0x000001d3520ca820, 0x000001d3522b87b0, 0x000001d353666df0,
0x000001d35356fab0, 0x000001d354e88490, 0x000001d354e87e00, 0x000001d354e8d9e0,
0x000001d354e870e0, 0x000001d354e891b0, 0x000001d354e8e070, 0x000001d354e89ed0,
0x000001d354e8e700, 0x000001d354e8a560, 0x000001d354e8abf0, 0x000001d354e8b280,
0x000001d354e8b910, 0x000001d35356e070, 0x000001d35356e700, 0x000001d35356d350,
0x000001d353570140, 0x000001d35356ed90, 0x000001d35356f420
}

Java Threads: ( => current thread )
  0x000001d30c808d70 JavaThread "Reference Handler"          daemon [_thread_blocked, id=13348, stack(0x000000bca1e00000,0x000000bca1f00000) (1024K)]
  0x000001d30c809e40 JavaThread "Finalizer"                  daemon [_thread_blocked, id=12648, stack(0x000000bca1f00000,0x000000bca2000000) (1024K)]
  0x000001d30c80dc10 JavaThread "Signal Dispatcher"          daemon [_thread_blocked, id=9464, stack(0x000000bca2000000,0x000000bca2100000) (1024K)]
  0x000001d30c80e8f0 JavaThread "Attach Listener"            daemon [_thread_blocked, id=9188, stack(0x000000bca2100000,0x000000bca2200000) (1024K)]
  0x000001d30c80fca0 JavaThread "Service Thread"             daemon [_thread_blocked, id=6888, stack(0x000000bca2200000,0x000000bca2300000) (1024K)]
  0x000001d30c8108b0 JavaThread "Monitor Deflation Thread"   daemon [_thread_blocked, id=896, stack(0x000000bca2300000,0x000000bca2400000) (1024K)]
  0x000001d30c811c60 JavaThread "C1 CompilerThread0"         daemon [_thread_blocked, id=4848, stack(0x000000bca2400000,0x000000bca2500000) (1024K)]
  0x000001d30c7d2ce0 JavaThread "Common-Cleaner"             daemon [_thread_blocked, id=7324, stack(0x000000bca2500000,0x000000bca2600000) (1024K)]
  0x000001d3520c91a0 JavaThread "Monitor Ctrl-Break"         daemon [_thread_in_native, id=6884, stack(0x000000bca2800000,0x000000bca2900000) (1024K)]
  0x000001d3520ca820 JavaThread "Notification Thread"        daemon [_thread_blocked, id=11232, stack(0x000000bca2900000,0x000000bca2a00000) (1024K)]
  0x000001d3522b87b0 JavaThread "RMI TCP Accept-0"           daemon [_thread_in_native, id=5384, stack(0x000000bca2d00000,0x000000bca2e00000) (1024K)]
  0x000001d353666df0 JavaThread "mysql-cj-abandoned-connection-cleanup" daemon [_thread_blocked, id=12192, stack(0x000000bca3000000,0x000000bca3100000) (1024K)]
  0x000001d35356fab0 JavaThread "Live Reload Server"         daemon [_thread_in_native, id=13372, stack(0x000000bca3300000,0x000000bca3400000) (1024K)]
  0x000001d354e88490 JavaThread "DestroyJavaVM"                     [_thread_blocked, id=5040, stack(0x000000bca1600000,0x000000bca1700000) (1024K)]
  0x000001d354e87e00 JavaThread "HikariPool-4 housekeeper"   daemon [_thread_blocked, id=7352, stack(0x000000bca2e00000,0x000000bca2f00000) (1024K)]
  0x000001d354e8d9e0 JavaThread "Catalina-utility-1"                [_thread_blocked, id=7856, stack(0x000000bca3100000,0x000000bca3200000) (1024K)]
  0x000001d354e870e0 JavaThread "Catalina-utility-2"                [_thread_blocked, id=5744, stack(0x000000bca3200000,0x000000bca3300000) (1024K)]
  0x000001d354e891b0 JavaThread "container-0"                       [_thread_blocked, id=8980, stack(0x000000bca3400000,0x000000bca3500000) (1024K)]
  0x000001d354e8e070 JavaThread "File Watcher"               daemon [_thread_blocked, id=12956, stack(0x000000bca3500000,0x000000bca3600000) (1024K)]
  0x000001d354e89ed0 JavaThread "http-nio-8080-exec-1"       daemon [_thread_blocked, id=9808, stack(0x000000bca3600000,0x000000bca3700000) (1024K)]
  0x000001d354e8e700 JavaThread "http-nio-8080-exec-2"       daemon [_thread_blocked, id=5824, stack(0x000000bca3700000,0x000000bca3800000) (1024K)]
  0x000001d354e8a560 JavaThread "http-nio-8080-exec-3"       daemon [_thread_blocked, id=11556, stack(0x000000bca3800000,0x000000bca3900000) (1024K)]
  0x000001d354e8abf0 JavaThread "http-nio-8080-exec-4"       daemon [_thread_blocked, id=11752, stack(0x000000bca3900000,0x000000bca3a00000) (1024K)]
  0x000001d354e8b280 JavaThread "http-nio-8080-exec-5"       daemon [_thread_blocked, id=11808, stack(0x000000bca3a00000,0x000000bca3b00000) (1024K)]
  0x000001d354e8b910 JavaThread "http-nio-8080-exec-6"       daemon [_thread_blocked, id=11588, stack(0x000000bca3b00000,0x000000bca3c00000) (1024K)]
  0x000001d35356e070 JavaThread "http-nio-8080-exec-7"       daemon [_thread_blocked, id=9424, stack(0x000000bca3c00000,0x000000bca3d00000) (1024K)]
  0x000001d35356e700 JavaThread "http-nio-8080-exec-8"       daemon [_thread_blocked, id=5244, stack(0x000000bca3d00000,0x000000bca3e00000) (1024K)]
  0x000001d35356d350 JavaThread "http-nio-8080-exec-9"       daemon [_thread_blocked, id=10084, stack(0x000000bca3e00000,0x000000bca3f00000) (1024K)]
  0x000001d353570140 JavaThread "http-nio-8080-exec-10"      daemon [_thread_blocked, id=4960, stack(0x000000bca3f00000,0x000000bca4000000) (1024K)]
  0x000001d35356ed90 JavaThread "http-nio-8080-Poller"       daemon [_thread_in_native, id=10760, stack(0x000000bca4000000,0x000000bca4100000) (1024K)]
  0x000001d35356f420 JavaThread "http-nio-8080-Acceptor"     daemon [_thread_in_native, id=10236, stack(0x000000bca4100000,0x000000bca4200000) (1024K)]
Total: 31

Other Threads:
  0x000001d30c7e8ee0 VMThread "VM Thread"                           [id=14148, stack(0x000000bca1d00000,0x000000bca1e00000) (1024K)]
  0x000001d30c7d2040 WatcherThread "VM Periodic Task Thread"        [id=10568, stack(0x000000bca1c00000,0x000000bca1d00000) (1024K)]
  0x000001d37a9cdca0 WorkerThread "GC Thread#0"                     [id=780, stack(0x000000bca1700000,0x000000bca1800000) (1024K)]
  0x000001d352208d30 WorkerThread "GC Thread#1"                     [id=3004, stack(0x000000bca2a00000,0x000000bca2b00000) (1024K)]
  0x000001d3522090d0 WorkerThread "GC Thread#2"                     [id=11356, stack(0x000000bca2b00000,0x000000bca2c00000) (1024K)]
  0x000001d35221f830 WorkerThread "GC Thread#3"                     [id=13016, stack(0x000000bca2c00000,0x000000bca2d00000) (1024K)]
  0x000001d37a9de950 ConcurrentGCThread "G1 Main Marker"            [id=15236, stack(0x000000bca1800000,0x000000bca1900000) (1024K)]
=>0x000001d37a9df510 WorkerThread "G1 Conc#0"                       [id=7416, stack(0x000000bca1900000,0x000000bca1a00000) (1024K)]
  0x000001d30c6944d0 ConcurrentGCThread "G1 Refine#0"               [id=14056, stack(0x000000bca1a00000,0x000000bca1b00000) (1024K)]
  0x000001d30c695100 ConcurrentGCThread "G1 Service"                [id=8972, stack(0x000000bca1b00000,0x000000bca1c00000) (1024K)]
Total: 10

Threads with active compile tasks:
Total: 0

VM state: not at safepoint (normal execution)

VM Mutex/Monitor currently owned by a thread: None

Heap address: 0x0000000081200000, size: 2030 MB, Compressed Oops mode: 32-bit

CDS archive(s) mapped at: [0x000001d30d000000-0x000001d30dc90000-0x000001d30dc90000), size 13172736, SharedBaseAddress: 0x000001d30d000000, ArchiveRelocationMode: 1.
Compressed class space mapped at: 0x000001d30e000000-0x000001d34e000000, reserved size: 1073741824
Narrow klass base: 0x000001d30d000000, Narrow klass shift: 0, Narrow klass range: 0x100000000

GC Precious Log:
 CardTable entry size: 512
 Card Set container configuration: InlinePtr #cards 5 size 8 Array Of Cards #cards 12 size 40 Howl #buckets 4 coarsen threshold 1843 Howl Bitmap #cards 512 size 80 coarsen threshold 460 Card regions per heap region 1 cards per card region 2048
 CPUs: 4 total, 4 available
 Memory: 8112M
 Large Page Support: Disabled
 NUMA Support: Disabled
 Compressed Oops: Enabled (32-bit)
 Heap Region Size: 1M
 Heap Min Capacity: 8M
 Heap Initial Capacity: 128M
 Heap Max Capacity: 2030M
 Pre-touch: Disabled
 Parallel Workers: 4
 Concurrent Workers: 1
 Concurrent Refinement Workers: 4
 Periodic GC: Disabled

Heap:
 garbage-first heap   total 80896K, used 37289K [0x0000000081200000, 0x0000000100000000)
  region size 1024K, 2 young (2048K), 1 survivors (1024K)
 Metaspace       used 69791K, committed 70528K, reserved 1114112K
  class space    used 9935K, committed 10240K, reserved 1048576K

Heap Regions: E=young(eden), S=young(survivor), O=old, HS=humongous(starts), HC=humongous(continues), CS=collection set, F=free, TAMS=top-at-mark-start, PB=parsable bottom
|   0|0x0000000081200000, 0x0000000081300000, 0x0000000081300000|100%|HS|  |TAMS 0x0000000081300000| PB 0x0000000081200000| Complete 
|   1|0x0000000081300000, 0x0000000081400000, 0x0000000081400000|100%| O|  |TAMS 0x0000000081400000| PB 0x0000000081300000| Untracked 
|   2|0x0000000081400000, 0x0000000081500000, 0x0000000081500000|100%| O|  |TAMS 0x0000000081500000| PB 0x0000000081400000| Untracked 
|   3|0x0000000081500000, 0x0000000081600000, 0x0000000081600000|100%| O|  |TAMS 0x0000000081600000| PB 0x0000000081500000| Untracked 
|   4|0x0000000081600000, 0x00000000816ffff8, 0x0000000081700000| 99%| O|  |TAMS 0x00000000816ffff8| PB 0x0000000081600000| Untracked 
|   5|0x0000000081700000, 0x00000000817fffe0, 0x0000000081800000| 99%| O|  |TAMS 0x00000000817fffe0| PB 0x0000000081700000| Untracked 
|   6|0x0000000081800000, 0x0000000081900000, 0x0000000081900000|100%| O|  |TAMS 0x0000000081900000| PB 0x0000000081800000| Untracked 
|   7|0x0000000081900000, 0x00000000819fff98, 0x0000000081a00000| 99%| O|  |TAMS 0x00000000819fff98| PB 0x0000000081900000| Untracked 
|   8|0x0000000081a00000, 0x0000000081afffe0, 0x0000000081b00000| 99%| O|  |TAMS 0x0000000081afffe0| PB 0x0000000081a00000| Untracked 
|   9|0x0000000081b00000, 0x0000000081bfffe0, 0x0000000081c00000| 99%| O|  |TAMS 0x0000000081bfffe0| PB 0x0000000081b00000| Untracked 
|  10|0x0000000081c00000, 0x0000000081cfffd0, 0x0000000081d00000| 99%| O|  |TAMS 0x0000000081cfffd0| PB 0x0000000081c00000| Untracked 
|  11|0x0000000081d00000, 0x0000000081e00000, 0x0000000081e00000|100%| O|  |TAMS 0x0000000081e00000| PB 0x0000000081d00000| Untracked 
|  12|0x0000000081e00000, 0x0000000081efffc0, 0x0000000081f00000| 99%| O|  |TAMS 0x0000000081efffc0| PB 0x0000000081e00000| Untracked 
|  13|0x0000000081f00000, 0x0000000082000000, 0x0000000082000000|100%| O|  |TAMS 0x0000000082000000| PB 0x0000000081f00000| Untracked 
|  14|0x0000000082000000, 0x00000000820ffff8, 0x0000000082100000| 99%| O|  |TAMS 0x00000000820ffff8| PB 0x0000000082000000| Untracked 
|  15|0x0000000082100000, 0x00000000821ffff8, 0x0000000082200000| 99%| O|  |TAMS 0x00000000821ffff8| PB 0x0000000082100000| Untracked 
|  16|0x0000000082200000, 0x00000000822ffff0, 0x0000000082300000| 99%| O|  |TAMS 0x00000000822ffff0| PB 0x0000000082200000| Untracked 
|  17|0x0000000082300000, 0x00000000823ffff8, 0x0000000082400000| 99%| O|  |TAMS 0x00000000823ffff8| PB 0x0000000082300000| Untracked 
|  18|0x0000000082400000, 0x00000000824ffff0, 0x0000000082500000| 99%| O|  |TAMS 0x00000000824ffff0| PB 0x0000000082400000| Untracked 
|  19|0x0000000082500000, 0x00000000825e79f8, 0x0000000082600000| 90%| O|  |TAMS 0x00000000825e79f8| PB 0x0000000082500000| Untracked 
|  20|0x0000000082600000, 0x00000000826f9550, 0x0000000082700000| 97%| O|  |TAMS 0x00000000826f9550| PB 0x0000000082600000| Untracked 
|  21|0x0000000082700000, 0x00000000827fffe0, 0x0000000082800000| 99%| O|  |TAMS 0x00000000827fffe0| PB 0x0000000082700000| Untracked 
|  22|0x0000000082800000, 0x0000000082900000, 0x0000000082900000|100%| O|  |TAMS 0x0000000082900000| PB 0x0000000082800000| Untracked 
|  23|0x0000000082900000, 0x0000000082a00000, 0x0000000082a00000|100%| O|  |TAMS 0x0000000082a00000| PB 0x0000000082900000| Untracked 
|  24|0x0000000082a00000, 0x0000000082b00000, 0x0000000082b00000|100%| O|  |TAMS 0x0000000082b00000| PB 0x0000000082a00000| Untracked 
|  25|0x0000000082b00000, 0x0000000082c00000, 0x0000000082c00000|100%| O|  |TAMS 0x0000000082c00000| PB 0x0000000082b00000| Untracked 
|  26|0x0000000082c00000, 0x0000000082d00000, 0x0000000082d00000|100%| O|  |TAMS 0x0000000082d00000| PB 0x0000000082c00000| Untracked 
|  27|0x0000000082d00000, 0x0000000082e00000, 0x0000000082e00000|100%| O|  |TAMS 0x0000000082e00000| PB 0x0000000082d00000| Untracked 
|  28|0x0000000082e00000, 0x0000000082f00000, 0x0000000082f00000|100%| O|  |TAMS 0x0000000082f00000| PB 0x0000000082e00000| Untracked 
|  29|0x0000000082f00000, 0x0000000083000000, 0x0000000083000000|100%| O|  |TAMS 0x0000000083000000| PB 0x0000000082f00000| Untracked 
|  30|0x0000000083000000, 0x0000000083100000, 0x0000000083100000|100%| O|  |TAMS 0x0000000083100000| PB 0x0000000083000000| Untracked 
|  31|0x0000000083100000, 0x0000000083200000, 0x0000000083200000|100%| O|  |TAMS 0x0000000083200000| PB 0x0000000083100000| Untracked 
|  32|0x0000000083200000, 0x0000000083300000, 0x0000000083300000|100%| O|  |TAMS 0x0000000083300000| PB 0x0000000083200000| Untracked 
|  33|0x0000000083300000, 0x0000000083300000, 0x0000000083400000|  0%| F|  |TAMS 0x0000000083300000| PB 0x0000000083300000| Untracked 
|  34|0x0000000083400000, 0x0000000083500000, 0x0000000083500000|100%| O|  |TAMS 0x0000000083500000| PB 0x0000000083400000| Untracked 
|  35|0x0000000083500000, 0x0000000083500000, 0x0000000083600000|  0%| F|  |TAMS 0x0000000083500000| PB 0x0000000083500000| Untracked 
|  36|0x0000000083600000, 0x0000000083600000, 0x0000000083700000|  0%| F|  |TAMS 0x0000000083600000| PB 0x0000000083600000| Untracked 
|  37|0x0000000083700000, 0x0000000083700000, 0x0000000083800000|  0%| F|  |TAMS 0x0000000083700000| PB 0x0000000083700000| Untracked 
|  38|0x0000000083800000, 0x0000000083800000, 0x0000000083900000|  0%| F|  |TAMS 0x0000000083800000| PB 0x0000000083800000| Untracked 
|  39|0x0000000083900000, 0x000000008392e340, 0x0000000083a00000| 18%| S|CS|TAMS 0x0000000083900000| PB 0x0000000083900000| Complete 
|  40|0x0000000083a00000, 0x0000000083b00000, 0x0000000083b00000|100%| O|  |TAMS 0x0000000083b00000| PB 0x0000000083a00000| Untracked 
|  41|0x0000000083b00000, 0x0000000083c00000, 0x0000000083c00000|100%| O|  |TAMS 0x0000000083c00000| PB 0x0000000083b00000| Untracked 
|  42|0x0000000083c00000, 0x0000000083c5b5e0, 0x0000000083d00000| 35%| O|  |TAMS 0x0000000083c5b5e0| PB 0x0000000083c00000| Untracked 
|  43|0x0000000083d00000, 0x0000000083d00000, 0x0000000083e00000|  0%| F|  |TAMS 0x0000000083d00000| PB 0x0000000083d00000| Untracked 
|  44|0x0000000083e00000, 0x0000000083e00000, 0x0000000083f00000|  0%| F|  |TAMS 0x0000000083e00000| PB 0x0000000083e00000| Untracked 
|  45|0x0000000083f00000, 0x0000000083f00000, 0x0000000084000000|  0%| F|  |TAMS 0x0000000083f00000| PB 0x0000000083f00000| Untracked 
|  46|0x0000000084000000, 0x0000000084000000, 0x0000000084100000|  0%| F|  |TAMS 0x0000000084000000| PB 0x0000000084000000| Untracked 
|  47|0x0000000084100000, 0x0000000084100000, 0x0000000084200000|  0%| F|  |TAMS 0x0000000084100000| PB 0x0000000084100000| Untracked 
|  48|0x0000000084200000, 0x0000000084200000, 0x0000000084300000|  0%| F|  |TAMS 0x0000000084200000| PB 0x0000000084200000| Untracked 
|  49|0x0000000084300000, 0x0000000084300000, 0x0000000084400000|  0%| F|  |TAMS 0x0000000084300000| PB 0x0000000084300000| Untracked 
|  50|0x0000000084400000, 0x0000000084400000, 0x0000000084500000|  0%| F|  |TAMS 0x0000000084400000| PB 0x0000000084400000| Untracked 
|  51|0x0000000084500000, 0x0000000084500000, 0x0000000084600000|  0%| F|  |TAMS 0x0000000084500000| PB 0x0000000084500000| Untracked 
|  52|0x0000000084600000, 0x0000000084600000, 0x0000000084700000|  0%| F|  |TAMS 0x0000000084600000| PB 0x0000000084600000| Untracked 
|  53|0x0000000084700000, 0x0000000084700000, 0x0000000084800000|  0%| F|  |TAMS 0x0000000084700000| PB 0x0000000084700000| Untracked 
|  54|0x0000000084800000, 0x0000000084800000, 0x0000000084900000|  0%| F|  |TAMS 0x0000000084800000| PB 0x0000000084800000| Untracked 
|  55|0x0000000084900000, 0x0000000084900000, 0x0000000084a00000|  0%| F|  |TAMS 0x0000000084900000| PB 0x0000000084900000| Untracked 
|  56|0x0000000084a00000, 0x0000000084a00000, 0x0000000084b00000|  0%| F|  |TAMS 0x0000000084a00000| PB 0x0000000084a00000| Untracked 
|  57|0x0000000084b00000, 0x0000000084b00000, 0x0000000084c00000|  0%| F|  |TAMS 0x0000000084b00000| PB 0x0000000084b00000| Untracked 
|  58|0x0000000084c00000, 0x0000000084c00000, 0x0000000084d00000|  0%| F|  |TAMS 0x0000000084c00000| PB 0x0000000084c00000| Untracked 
|  59|0x0000000084d00000, 0x0000000084d00000, 0x0000000084e00000|  0%| F|  |TAMS 0x0000000084d00000| PB 0x0000000084d00000| Untracked 
|  60|0x0000000084e00000, 0x0000000084e00000, 0x0000000084f00000|  0%| F|  |TAMS 0x0000000084e00000| PB 0x0000000084e00000| Untracked 
|  61|0x0000000084f00000, 0x0000000084f00000, 0x0000000085000000|  0%| F|  |TAMS 0x0000000084f00000| PB 0x0000000084f00000| Untracked 
|  62|0x0000000085000000, 0x0000000085000000, 0x0000000085100000|  0%| F|  |TAMS 0x0000000085000000| PB 0x0000000085000000| Untracked 
|  63|0x0000000085100000, 0x0000000085100000, 0x0000000085200000|  0%| F|  |TAMS 0x0000000085100000| PB 0x0000000085100000| Untracked 
|  64|0x0000000085200000, 0x0000000085200000, 0x0000000085300000|  0%| F|  |TAMS 0x0000000085200000| PB 0x0000000085200000| Untracked 
|  65|0x0000000085300000, 0x0000000085300000, 0x0000000085400000|  0%| F|  |TAMS 0x0000000085300000| PB 0x0000000085300000| Untracked 
|  66|0x0000000085400000, 0x0000000085400000, 0x0000000085500000|  0%| F|  |TAMS 0x0000000085400000| PB 0x0000000085400000| Untracked 
|  67|0x0000000085500000, 0x0000000085500000, 0x0000000085600000|  0%| F|  |TAMS 0x0000000085500000| PB 0x0000000085500000| Untracked 
|  68|0x0000000085600000, 0x0000000085600000, 0x0000000085700000|  0%| F|  |TAMS 0x0000000085600000| PB 0x0000000085600000| Untracked 
|  69|0x0000000085700000, 0x0000000085700000, 0x0000000085800000|  0%| F|  |TAMS 0x0000000085700000| PB 0x0000000085700000| Untracked 
|  70|0x0000000085800000, 0x0000000085800000, 0x0000000085900000|  0%| F|  |TAMS 0x0000000085800000| PB 0x0000000085800000| Untracked 
|  77|0x0000000085f00000, 0x0000000085f00000, 0x0000000086000000|  0%| F|  |TAMS 0x0000000085f00000| PB 0x0000000085f00000| Untracked 
|  78|0x0000000086000000, 0x0000000086000000, 0x0000000086100000|  0%| F|  |TAMS 0x0000000086000000| PB 0x0000000086000000| Untracked 
|  79|0x0000000086100000, 0x0000000086100000, 0x0000000086200000|  0%| F|  |TAMS 0x0000000086100000| PB 0x0000000086100000| Untracked 
|  80|0x0000000086200000, 0x0000000086200000, 0x0000000086300000|  0%| F|  |TAMS 0x0000000086200000| PB 0x0000000086200000| Untracked 
|  81|0x0000000086300000, 0x0000000086300000, 0x0000000086400000|  0%| F|  |TAMS 0x0000000086300000| PB 0x0000000086300000| Untracked 
|  82|0x0000000086400000, 0x0000000086400000, 0x0000000086500000|  0%| F|  |TAMS 0x0000000086400000| PB 0x0000000086400000| Untracked 
|  83|0x0000000086500000, 0x0000000086500000, 0x0000000086600000|  0%| F|  |TAMS 0x0000000086500000| PB 0x0000000086500000| Untracked 
| 127|0x0000000089100000, 0x000000008918a268, 0x0000000089200000| 53%| E|  |TAMS 0x0000000089100000| PB 0x0000000089100000| Complete 

Card table byte_map: [0x000001d37fab0000,0x000001d37feb0000] _byte_map_base: 0x000001d37f6a7000

Marking Bits: (CMBitMap*) 0x000001d37a9ce2b0
 Bits: [0x000001d308380000, 0x000001d30a338000)

Polling page: 0x000001d37a7b0000

Metaspace:

Usage:
  Non-class:     58.45 MB used.
      Class:      9.70 MB used.
       Both:     68.16 MB used.

Virtual space:
  Non-class space:       64.00 MB reserved,      58.88 MB ( 92%) committed,  1 nodes.
      Class space:        1.00 GB reserved,      10.00 MB ( <1%) committed,  1 nodes.
             Both:        1.06 GB reserved,      68.88 MB (  6%) committed. 

Chunk freelists:
   Non-Class:  4.29 MB
       Class:  5.82 MB
        Both:  10.12 MB

MaxMetaspaceSize: unlimited
CompressedClassSpaceSize: 1.00 GB
Initial GC threshold: 21.00 MB
Current GC threshold: 114.69 MB
CDS: on
 - commit_granule_bytes: 65536.
 - commit_granule_words: 8192.
 - virtual_space_node_default_size: 8388608.
 - enlarge_chunks_in_place: 1.
 - use_allocation_guard: 0.


Internal statistics:

num_allocs_failed_limit: 9.
num_arena_births: 1608.
num_arena_deaths: 676.
num_vsnodes_births: 2.
num_vsnodes_deaths: 0.
num_space_committed: 1109.
num_space_uncommitted: 5.
num_chunks_returned_to_freelist: 901.
num_chunks_taken_from_freelist: 4574.
num_chunk_merges: 175.
num_chunk_splits: 2902.
num_chunks_enlarged: 2218.
num_inconsistent_stats: 0.

CodeCache: size=49152Kb used=14678Kb max_used=15773Kb free=34473Kb
 bounds [0x000001d37c260000, 0x000001d37d250000, 0x000001d37f260000]
 total_blobs=8442 nmethods=7729 adapters=636
 compilation: enabled
              stopped_count=0, restarted_count=0
 full_count=0

Compilation events (20 events):
Event: 15960.340 Thread 0x000001d30c811c60 18445   !   1       java.nio.charset.CharsetEncoder::encode (273 bytes)
Event: 15960.342 Thread 0x000001d30c811c60 nmethod 18445 0x000001d37c6b6190 code [0x000001d37c6b63e0, 0x000001d37c6b6aa0]
Event: 15960.343 Thread 0x000001d30c811c60 18446       1       sun.nio.cs.UTF_8$Encoder::encodeLoop (28 bytes)
Event: 15960.343 Thread 0x000001d30c811c60 nmethod 18446 0x000001d37c6b5d10 code [0x000001d37c6b5ec0, 0x000001d37c6b6068]
Event: 15960.343 Thread 0x000001d30c811c60 18447       1       sun.nio.cs.UTF_8$Encoder::encodeArrayLoop (137 bytes)
Event: 15960.344 Thread 0x000001d30c811c60 nmethod 18447 0x000001d37c6b4910 code [0x000001d37c6b4c00, 0x000001d37c6b5690]
Event: 15960.345 Thread 0x000001d30c811c60 18448       1       java.lang.System$2::encodeASCII (11 bytes)
Event: 15960.345 Thread 0x000001d30c811c60 nmethod 18448 0x000001d37c6b4590 code [0x000001d37c6b4740, 0x000001d37c6b4830]
Event: 15960.397 Thread 0x000001d30c811c60 18449       1       java.security.MessageDigest::reset (10 bytes)
Event: 15960.397 Thread 0x000001d30c811c60 nmethod 18449 0x000001d37c6b4210 code [0x000001d37c6b43c0, 0x000001d37c6b44c8]
Event: 15960.397 Thread 0x000001d30c811c60 18450       1       java.security.MessageDigest$Delegate::engineReset (8 bytes)
Event: 15960.397 Thread 0x000001d30c811c60 nmethod 18450 0x000001d37c6b3e90 code [0x000001d37c6b4040, 0x000001d37c6b4138]
Event: 15960.397 Thread 0x000001d30c811c60 18451       1       sun.security.provider.DigestBase::engineReset (33 bytes)
Event: 15960.398 Thread 0x000001d30c811c60 nmethod 18451 0x000001d37c6b3a90 code [0x000001d37c6b3c40, 0x000001d37c6b3dc8]
Event: 15960.515 Thread 0x000001d30c811c60 18452       1       java.util.concurrent.atomic.AtomicInteger::decrementAndGet (14 bytes)
Event: 15960.515 Thread 0x000001d30c811c60 nmethod 18452 0x000001d37c6b3790 code [0x000001d37c6b3920, 0x000001d37c6b39f8]
Event: 15960.515 Thread 0x000001d30c811c60 18453       1       java.util.concurrent.FutureTask::finishCompletion (71 bytes)
Event: 15960.516 Thread 0x000001d30c811c60 nmethod 18453 0x000001d37c6b3090 code [0x000001d37c6b3280, 0x000001d37c6b35e8]
Event: 15960.516 Thread 0x000001d30c811c60 18454       1       java.util.concurrent.FutureTask::done (1 bytes)
Event: 15960.516 Thread 0x000001d30c811c60 nmethod 18454 0x000001d37c6b2d90 code [0x000001d37c6b2f20, 0x000001d37c6b2fe8]

GC Heap History (20 events):
Event: 9193.101 GC heap before
{Heap before GC invocations=89 (full 2):
 garbage-first heap   total 80896K, used 72972K [0x0000000081200000, 0x0000000100000000)
  region size 1024K, 42 young (43008K), 2 survivors (2048K)
 Metaspace       used 69527K, committed 70400K, reserved 1114112K
  class space    used 9878K, committed 10240K, reserved 1048576K
}
Event: 9193.117 GC heap after
{Heap after GC invocations=90 (full 2):
 garbage-first heap   total 80896K, used 32687K [0x0000000081200000, 0x0000000100000000)
  region size 1024K, 3 young (3072K), 3 survivors (3072K)
 Metaspace       used 69527K, committed 70400K, reserved 1114112K
  class space    used 9878K, committed 10240K, reserved 1048576K
}
Event: 9457.088 GC heap before
{Heap before GC invocations=91 (full 2):
 garbage-first heap   total 80896K, used 71599K [0x0000000081200000, 0x0000000100000000)
  region size 1024K, 41 young (41984K), 3 survivors (3072K)
 Metaspace       used 69527K, committed 70400K, reserved 1114112K
  class space    used 9878K, committed 10240K, reserved 1048576K
}
Event: 9457.102 GC heap after
{Heap after GC invocations=92 (full 2):
 garbage-first heap   total 80896K, used 32583K [0x0000000081200000, 0x0000000100000000)
  region size 1024K, 3 young (3072K), 3 survivors (3072K)
 Metaspace       used 69527K, committed 70400K, reserved 1114112K
  class space    used 9878K, committed 10240K, reserved 1048576K
}
Event: 9522.391 GC heap before
{Heap before GC invocations=92 (full 2):
 garbage-first heap   total 80896K, used 43847K [0x0000000081200000, 0x0000000100000000)
  region size 1024K, 15 young (15360K), 3 survivors (3072K)
 Metaspace       used 69533K, committed 70400K, reserved 1114112K
  class space    used 9880K, committed 10240K, reserved 1048576K
}
Event: 9522.463 GC heap after
{Heap after GC invocations=93 (full 3):
 garbage-first heap   total 80896K, used 23767K [0x0000000081200000, 0x0000000100000000)
  region size 1024K, 0 young (0K), 0 survivors (0K)
 Metaspace       used 68453K, committed 69952K, reserved 1114112K
  class space    used 9760K, committed 10240K, reserved 1048576K
}
Event: 9524.561 GC heap before
{Heap before GC invocations=93 (full 3):
 garbage-first heap   total 80896K, used 70871K [0x0000000081200000, 0x0000000100000000)
  region size 1024K, 47 young (48128K), 0 survivors (0K)
 Metaspace       used 68876K, committed 69952K, reserved 1114112K
  class space    used 9832K, committed 10240K, reserved 1048576K
}
Event: 9524.570 GC heap after
{Heap after GC invocations=94 (full 3):
 garbage-first heap   total 80896K, used 28682K [0x0000000081200000, 0x0000000100000000)
  region size 1024K, 5 young (5120K), 5 survivors (5120K)
 Metaspace       used 68876K, committed 69952K, reserved 1114112K
  class space    used 9832K, committed 10240K, reserved 1048576K
}
Event: 9526.514 GC heap before
{Heap before GC invocations=95 (full 3):
 garbage-first heap   total 80896K, used 69642K [0x0000000081200000, 0x0000000100000000)
  region size 1024K, 45 young (46080K), 5 survivors (5120K)
 Metaspace       used 69225K, committed 70016K, reserved 1114112K
  class space    used 9882K, committed 10240K, reserved 1048576K
}
Event: 9526.530 GC heap after
{Heap after GC invocations=96 (full 3):
 garbage-first heap   total 80896K, used 31844K [0x0000000081200000, 0x0000000100000000)
  region size 1024K, 4 young (4096K), 4 survivors (4096K)
 Metaspace       used 69225K, committed 70016K, reserved 1114112K
  class space    used 9882K, committed 10240K, reserved 1048576K
}
Event: 9528.239 GC heap before
{Heap before GC invocations=96 (full 3):
 garbage-first heap   total 80896K, used 69732K [0x0000000081200000, 0x0000000100000000)
  region size 1024K, 41 young (41984K), 4 survivors (4096K)
 Metaspace       used 69443K, committed 70208K, reserved 1114112K
  class space    used 9896K, committed 10240K, reserved 1048576K
}
Event: 9528.249 GC heap after
{Heap after GC invocations=97 (full 3):
 garbage-first heap   total 80896K, used 33822K [0x0000000081200000, 0x0000000100000000)
  region size 1024K, 6 young (6144K), 6 survivors (6144K)
 Metaspace       used 69443K, committed 70208K, reserved 1114112K
  class space    used 9896K, committed 10240K, reserved 1048576K
}
Event: 9528.996 GC heap before
{Heap before GC invocations=97 (full 3):
 garbage-first heap   total 80896K, used 68638K [0x0000000081200000, 0x0000000100000000)
  region size 1024K, 40 young (40960K), 6 survivors (6144K)
 Metaspace       used 69664K, committed 70400K, reserved 1114112K
  class space    used 9912K, committed 10240K, reserved 1048576K
}
Event: 9529.008 GC heap after
{Heap after GC invocations=98 (full 3):
 garbage-first heap   total 80896K, used 34694K [0x0000000081200000, 0x0000000100000000)
  region size 1024K, 3 young (3072K), 3 survivors (3072K)
 Metaspace       used 69664K, committed 70400K, reserved 1114112K
  class space    used 9912K, committed 10240K, reserved 1048576K
}
Event: 15974.869 GC heap before
{Heap before GC invocations=99 (full 3):
 garbage-first heap   total 80896K, used 71558K [0x0000000081200000, 0x0000000100000000)
  region size 1024K, 39 young (39936K), 3 survivors (3072K)
 Metaspace       used 69791K, committed 70528K, reserved 1114112K
  class space    used 9935K, committed 10240K, reserved 1048576K
}
Event: 15974.886 GC heap after
{Heap after GC invocations=100 (full 3):
 garbage-first heap   total 80896K, used 37921K [0x0000000081200000, 0x0000000100000000)
  region size 1024K, 5 young (5120K), 5 survivors (5120K)
 Metaspace       used 69791K, committed 70528K, reserved 1114112K
  class space    used 9935K, committed 10240K, reserved 1048576K
}
Event: 16189.147 GC heap before
{Heap before GC invocations=100 (full 3):
 garbage-first heap   total 80896K, used 69665K [0x0000000081200000, 0x0000000100000000)
  region size 1024K, 36 young (36864K), 5 survivors (5120K)
 Metaspace       used 69791K, committed 70528K, reserved 1114112K
  class space    used 9935K, committed 10240K, reserved 1048576K
}
Event: 16189.155 GC heap after
{Heap after GC invocations=101 (full 3):
 garbage-first heap   total 80896K, used 37655K [0x0000000081200000, 0x0000000100000000)
  region size 1024K, 1 young (1024K), 1 survivors (1024K)
 Metaspace       used 69791K, committed 70528K, reserved 1114112K
  class space    used 9935K, committed 10240K, reserved 1048576K
}
Event: 16433.140 GC heap before
{Heap before GC invocations=101 (full 3):
 garbage-first heap   total 80896K, used 73495K [0x0000000081200000, 0x0000000100000000)
  region size 1024K, 36 young (36864K), 1 survivors (1024K)
 Metaspace       used 69791K, committed 70528K, reserved 1114112K
  class space    used 9935K, committed 10240K, reserved 1048576K
}
Event: 16434.275 GC heap after
{Heap after GC invocations=102 (full 3):
 garbage-first heap   total 80896K, used 37289K [0x0000000081200000, 0x0000000100000000)
  region size 1024K, 1 young (1024K), 1 survivors (1024K)
 Metaspace       used 69791K, committed 70528K, reserved 1114112K
  class space    used 9935K, committed 10240K, reserved 1048576K
}

Dll operation events (13 events):
Event: 0.019 Loaded shared library C:\Users\Admin\.jdks\openjdk-21.0.1\bin\java.dll
Event: 2.189 Loaded shared library C:\Users\Admin\.jdks\openjdk-21.0.1\bin\zip.dll
Event: 2.195 Loaded shared library C:\Users\Admin\.jdks\openjdk-21.0.1\bin\instrument.dll
Event: 2.204 Loaded shared library C:\Users\Admin\.jdks\openjdk-21.0.1\bin\net.dll
Event: 2.207 Loaded shared library C:\Users\Admin\.jdks\openjdk-21.0.1\bin\nio.dll
Event: 2.222 Loaded shared library C:\Users\Admin\.jdks\openjdk-21.0.1\bin\zip.dll
Event: 2.539 Loaded shared library C:\Program Files\JetBrains\IntelliJ IDEA 2022.3.3\bin\breakgen64.dll
Event: 2.549 Loaded shared library C:\Users\Admin\.jdks\openjdk-21.0.1\bin\jimage.dll
Event: 2.558 Loaded shared library C:\Users\Admin\.jdks\openjdk-21.0.1\bin\extnet.dll
Event: 2.600 Loaded shared library C:\Users\Admin\.jdks\openjdk-21.0.1\bin\management.dll
Event: 2.623 Loaded shared library C:\Users\Admin\.jdks\openjdk-21.0.1\bin\management_ext.dll
Event: 6.982 Loaded shared library C:\Users\Admin\.jdks\openjdk-21.0.1\bin\sunmscapi.dll
Event: 7.812 Loaded shared library C:\Users\Admin\.jdks\openjdk-21.0.1\bin\verify.dll

Deoptimization events (18 events):
Event: 2.814 Thread 0x000001d37a87e970 DEOPT PACKING pc=0x000001d37c5b0bdd sp=0x000000bca16fd460
Event: 2.814 Thread 0x000001d37a87e970 DEOPT UNPACKING pc=0x000001d37c2b4e42 sp=0x000000bca16fc910 mode 3
Event: 2.841 Thread 0x000001d37a87e970 DEOPT PACKING pc=0x000001d37c5ca360 sp=0x000000bca16fd360
Event: 2.841 Thread 0x000001d37a87e970 DEOPT UNPACKING pc=0x000001d37c2b4e42 sp=0x000000bca16fc818 mode 3
Event: 4.207 Thread 0x000001d3526b5ae0 DEOPT PACKING pc=0x000001d37c7d46f9 sp=0x000000bca2ffcdb0
Event: 4.207 Thread 0x000001d3526b5ae0 DEOPT UNPACKING pc=0x000001d37c2b4e42 sp=0x000000bca2ffc290 mode 3
Event: 8.149 Thread 0x000001d3526b5ae0 DEOPT PACKING pc=0x000001d37cb0049d sp=0x000000bca2ff60d0
Event: 8.149 Thread 0x000001d3526b5ae0 DEOPT UNPACKING pc=0x000001d37c2b4e42 sp=0x000000bca2ff5638 mode 3
Event: 11.606 Thread 0x000001d3526b5ae0 DEOPT PACKING pc=0x000001d37c7fe224 sp=0x000000bca2ffae50
Event: 11.606 Thread 0x000001d3526b5ae0 DEOPT UNPACKING pc=0x000001d37c2b4e42 sp=0x000000bca2ffa3a8 mode 0
Event: 12.088 Thread 0x000001d3526b5ae0 DEOPT PACKING pc=0x000001d37c804d09 sp=0x000000bca2ffc660
Event: 12.088 Thread 0x000001d3526b5ae0 DEOPT UNPACKING pc=0x000001d37c2b4e42 sp=0x000000bca2ffbb68 mode 3
Event: 15.558 Thread 0x000001d353570140 DEOPT PACKING pc=0x000001d37cf9f646 sp=0x000000bca27fb000
Event: 15.558 Thread 0x000001d353570140 DEOPT UNPACKING pc=0x000001d37c2b4e42 sp=0x000000bca27fa508 mode 3
Event: 3120.146 Thread 0x000001d354e6b080 DEOPT PACKING pc=0x000001d37c3aa90a sp=0x000000bca3cfb5d0
Event: 3120.146 Thread 0x000001d354e6b080 DEOPT UNPACKING pc=0x000001d37c2b4e42 sp=0x000000bca3cfaad0 mode 3
Event: 7329.144 Thread 0x000001d354e89840 DEOPT PACKING pc=0x000001d37c4720f9 sp=0x000000bca2efc610
Event: 7329.144 Thread 0x000001d354e89840 DEOPT UNPACKING pc=0x000001d37c2b4e42 sp=0x000000bca2efbaf0 mode 3

Classes loaded (20 events):
Event: 1765.570 Loading class java/security/KeyManagementException
Event: 1765.571 Loading class java/security/KeyManagementException done
Event: 1765.571 Loading class javax/net/ssl/TrustManager
Event: 1765.571 Loading class javax/net/ssl/TrustManager done
Event: 3119.756 Loading class java/util/concurrent/locks/ReentrantReadWriteLock$Sync$HoldCounter
Event: 3119.757 Loading class java/util/concurrent/locks/ReentrantReadWriteLock$Sync$HoldCounter done
Event: 7324.506 Loading class java/util/Collections$ReverseComparator
Event: 7324.508 Loading class java/util/Collections$ReverseComparator done
Event: 7324.570 Loading class java/util/concurrent/locks/AbstractQueuedSynchronizer$SharedNode
Event: 7324.570 Loading class java/util/concurrent/locks/AbstractQueuedSynchronizer$SharedNode done
Event: 7324.580 Loading class javax/management/ObjectName$PatternProperty
Event: 7324.580 Loading class javax/management/ObjectName$PatternProperty done
Event: 7324.746 Loading class java/lang/ref/Finalizer$2
Event: 7324.747 Loading class java/lang/ref/Finalizer$2 done
Event: 7324.747 Loading class java/lang/ref/Finalizer$1
Event: 7324.747 Loading class java/lang/ref/Finalizer$1 done
Event: 7334.143 Loading class java/time/DurationEditor
Event: 7334.143 Loading class java/time/DurationEditor done
Event: 9529.123 Loading class java/time/DurationEditor
Event: 9529.123 Loading class java/time/DurationEditor done

Classes unloaded (20 events):
Event: 9522.422 Thread 0x000001d30c7e8ee0 Unloading class 0x000001d30e8891f8 'com/example/fashion/service/impl/AccountService'
Event: 9522.422 Thread 0x000001d30c7e8ee0 Unloading class 0x000001d30e889000 'com/example/fashion/service/auth/IAccountService'
Event: 9522.422 Thread 0x000001d30c7e8ee0 Unloading class 0x000001d30e8a84a0 'com/example/fashion/service/customerService/CustomerTypeService'
Event: 9522.422 Thread 0x000001d30c7e8ee0 Unloading class 0x000001d30e8a82a8 'com/example/fashion/service/customerService/ICustomerTypeService'
Event: 9522.422 Thread 0x000001d30c7e8ee0 Unloading class 0x000001d30e8a8000 'com/example/fashion/service/customerService/CustomerService'
Event: 9522.422 Thread 0x000001d30c7e8ee0 Unloading class 0x000001d30e8a9d88 'com/example/fashion/service/customerService/ICustomerService'
Event: 9522.422 Thread 0x000001d30c7e8ee0 Unloading class 0x000001d30e8a9b68 'com/example/fashion/security/jwt/JwtUtils'
Event: 9522.422 Thread 0x000001d30c7e8ee0 Unloading class 0x000001d30e8a9800 'com/example/fashion/security/jwt/JwtAuthenticationFilter'
Event: 9522.422 Thread 0x000001d30c7e8ee0 Unloading class 0x000001d30e8c8448 'com/example/fashion/controller/salesreport/SalesReportController'
Event: 9522.422 Thread 0x000001d30c7e8ee0 Unloading class 0x000001d30e8c8218 'com/example/fashion/controller/overview/OverviewController'
Event: 9522.422 Thread 0x000001d30c7e8ee0 Unloading class 0x000001d30e8c8000 'com/example/fashion/controller/notification/NotificationController'
Event: 9522.422 Thread 0x000001d30c7e8ee0 Unloading class 0x000001d30e8d0448 'com/example/fashion/controller/invoice/InvoiceController'
Event: 9522.422 Thread 0x000001d30c7e8ee0 Unloading class 0x000001d30e8d0210 'com/example/fashion/controller/HomePageController'
Event: 9522.422 Thread 0x000001d30c7e8ee0 Unloading class 0x000001d30e8d0000 'com/example/fashion/controller/employee/EmployeeController'
Event: 9522.422 Thread 0x000001d30c7e8ee0 Unloading class 0x000001d30e8dc448 'com/example/fashion/controller/customer/CustomerTypeController'
Event: 9522.422 Thread 0x000001d30c7e8ee0 Unloading class 0x000001d30e8dc218 'com/example/fashion/controller/customer/CustomerController'
Event: 9522.422 Thread 0x000001d30c7e8ee0 Unloading class 0x000001d30e8dc000 'com/example/fashion/controller/auth/AuthController'
Event: 9522.422 Thread 0x000001d30c7e8ee0 Unloading class 0x000001d30e988530 'com/example/fashion/config/WebSecurityConfig'
Event: 9522.422 Thread 0x000001d30c7e8ee0 Unloading class 0x000001d30e988200 'com/example/fashion/config/CorsConfig'
Event: 9522.422 Thread 0x000001d30c7e8ee0 Unloading class 0x000001d30e988000 'com/example/fashion/FashionApplication'

Classes redefined (0 events):
No events

Internal exceptions (20 events):
Event: 7337.339 Thread 0x000001d354e891b0 Exception <a 'java/lang/NoClassDefFoundError'{0x00000000837d6730}: org/quartz/Scheduler> (0x00000000837d6730) 
thrown [s\open\src\hotspot\share\oops\constantPool.cpp, line 871]
Event: 7337.339 Thread 0x000001d354e891b0 Exception <a 'java/lang/NoClassDefFoundError'{0x00000000837d6db0}: org/springframework/session/jdbc/JdbcIndexedSessionRepository> (0x00000000837d6db0) 
thrown [s\open\src\hotspot\share\oops\constantPool.cpp, line 871]
Event: 7337.345 Thread 0x000001d354e891b0 Exception <a 'java/lang/NoClassDefFoundError'{0x00000000836509c8}: org/jooq/DSLContext> (0x00000000836509c8) 
thrown [s\open\src\hotspot\share\oops\constantPool.cpp, line 871]
Event: 7337.825 Thread 0x000001d354e891b0 Exception <a 'java/io/FileNotFoundException'{0x00000000862e0710}> (0x00000000862e0710) 
thrown [s\open\src\hotspot\share\prims\jni.cpp, line 520]
Event: 7337.826 Thread 0x000001d354e891b0 Exception <a 'java/io/FileNotFoundException'{0x00000000862e1a40}> (0x00000000862e1a40) 
thrown [s\open\src\hotspot\share\prims\jni.cpp, line 520]
Event: 7339.705 Thread 0x000001d354e891b0 Exception <a 'java/io/FileNotFoundException'{0x0000000084b6ed08}> (0x0000000084b6ed08) 
thrown [s\open\src\hotspot\share\prims\jni.cpp, line 520]
Event: 9522.375 Thread 0x000001d354e870e0 Exception <a 'java/lang/InterruptedException'{0x0000000085518d80}: sleep interrupted> (0x0000000085518d80) 
thrown [s\open\src\hotspot\share\prims\jvm.cpp, line 3074]
Event: 9522.517 Thread 0x000001d354e88b20 Exception <a 'sun/nio/fs/WindowsException'{0x00000000891e8270}> (0x00000000891e8270) 
thrown [s\open\src\hotspot\share\prims\jni.cpp, line 520]
Event: 9524.261 Thread 0x000001d354e88b20 Exception <a 'java/lang/NoClassDefFoundError'{0x0000000083c5e0e8}: org/flywaydb/core/Flyway> (0x0000000083c5e0e8) 
thrown [s\open\src\hotspot\share\oops\constantPool.cpp, line 871]
Event: 9524.261 Thread 0x000001d354e88b20 Exception <a 'java/lang/NoClassDefFoundError'{0x0000000083c5e748}: liquibase/integration/spring/SpringLiquibase> (0x0000000083c5e748) 
thrown [s\open\src\hotspot\share\oops\constantPool.cpp, line 871]
Event: 9524.267 Thread 0x000001d354e88b20 Exception <a 'java/lang/NoClassDefFoundError'{0x0000000083c984b8}: org/springframework/batch/core/repository/JobRepository> (0x0000000083c984b8) 
thrown [s\open\src\hotspot\share\oops\constantPool.cpp, line 871]
Event: 9524.267 Thread 0x000001d354e88b20 Exception <a 'java/lang/NoClassDefFoundError'{0x0000000083c98b10}: org/quartz/Scheduler> (0x0000000083c98b10) 
thrown [s\open\src\hotspot\share\oops\constantPool.cpp, line 871]
Event: 9524.267 Thread 0x000001d354e88b20 Exception <a 'java/lang/NoClassDefFoundError'{0x0000000083c99190}: org/springframework/session/jdbc/JdbcIndexedSessionRepository> (0x0000000083c99190) 
thrown [s\open\src\hotspot\share\oops\constantPool.cpp, line 871]
Event: 9524.282 Thread 0x000001d354e88b20 Exception <a 'java/lang/NoClassDefFoundError'{0x0000000083b22df0}: org/jooq/DSLContext> (0x0000000083b22df0) 
thrown [s\open\src\hotspot\share\oops\constantPool.cpp, line 871]
Event: 9524.336 Thread 0x000001d354e88b20 Exception <a 'java/lang/NoSuchMethodError'{0x0000000083a850f8}: 'void java.lang.invoke.DelegatingMethodHandle$Holder.reinvoke_L(java.lang.Object, java.lang.Object, int)'> (0x0000000083a850f8) 
thrown [s\open\src\hotspot\share\interpreter\linkResolver.cpp, line 773]
Event: 9524.462 Thread 0x000001d354e88b20 Exception <a 'java/lang/NoSuchMethodError'{0x000000008354b1b0}: 'int java.lang.invoke.DirectMethodHandle$Holder.invokeVirtual(java.lang.Object, java.lang.Object, java.lang.Object, java.lang.Object)'> (0x000000008354b1b0) 
thrown [s\open\src\hotspot\share\interpreter\linkResolver.cpp, line 773]
Event: 9524.463 Thread 0x000001d354e88b20 Exception <a 'java/lang/NoSuchMethodError'{0x000000008354e778}: 'int java.lang.invoke.DelegatingMethodHandle$Holder.reinvoke_L(java.lang.Object, java.lang.Object, java.lang.Object, java.lang.Object)'> (0x000000008354e778) 
thrown [s\open\src\hotspot\share\interpreter\linkResolver.cpp, line 773]
Event: 9524.520 Thread 0x000001d354e88b20 Exception <a 'java/io/FileNotFoundException'{0x00000000833d7850}> (0x00000000833d7850) 
thrown [s\open\src\hotspot\share\prims\jni.cpp, line 520]
Event: 9524.522 Thread 0x000001d354e88b20 Exception <a 'java/io/FileNotFoundException'{0x00000000833d8b80}> (0x00000000833d8b80) 
thrown [s\open\src\hotspot\share\prims\jni.cpp, line 520]
Event: 9526.592 Thread 0x000001d354e88b20 Exception <a 'java/io/FileNotFoundException'{0x00000000891f4648}> (0x00000000891f4648) 
thrown [s\open\src\hotspot\share\prims\jni.cpp, line 520]

ZGC Phase Switch (0 events):
No events

VM Operations (20 events):
Event: 9528.996 Executing VM operation: G1CollectForAllocation (G1 Evacuation Pause)
Event: 9529.008 Executing VM operation: G1CollectForAllocation (G1 Evacuation Pause) done
Event: 9529.143 Executing VM operation: G1PauseRemark
Event: 9529.150 Executing VM operation: G1PauseRemark done
Event: 9529.190 Executing VM operation: G1PauseCleanup
Event: 9529.190 Executing VM operation: G1PauseCleanup done
Event: 9530.191 Executing VM operation: Cleanup
Event: 9530.191 Executing VM operation: Cleanup done
Event: 9562.355 Executing VM operation: HandshakeAllThreads (HandshakeForDeflation)
Event: 9562.355 Executing VM operation: HandshakeAllThreads (HandshakeForDeflation) done
Event: 9562.355 Executing VM operation: RendezvousGCThreads
Event: 9562.355 Executing VM operation: RendezvousGCThreads done
Event: 15960.744 Executing VM operation: Cleanup
Event: 15960.744 Executing VM operation: Cleanup done
Event: 15974.869 Executing VM operation: G1CollectForAllocation (G1 Evacuation Pause)
Event: 15974.886 Executing VM operation: G1CollectForAllocation (G1 Evacuation Pause) done
Event: 16189.147 Executing VM operation: G1CollectForAllocation (G1 Evacuation Pause)
Event: 16189.155 Executing VM operation: G1CollectForAllocation (G1 Evacuation Pause) done
Event: 16433.140 Executing VM operation: G1CollectForAllocation (G1 Evacuation Pause)
Event: 16434.275 Executing VM operation: G1CollectForAllocation (G1 Evacuation Pause) done

Events (20 events):
Event: 9529.874 Thread 0x000001d354e8e700 Thread added: 0x000001d354e8e700
Event: 9529.874 Thread 0x000001d354e8a560 Thread added: 0x000001d354e8a560
Event: 9529.874 Thread 0x000001d354e8abf0 Thread added: 0x000001d354e8abf0
Event: 9529.875 Thread 0x000001d354e8b280 Thread added: 0x000001d354e8b280
Event: 9529.875 Thread 0x000001d354e8b910 Thread added: 0x000001d354e8b910
Event: 9529.875 Thread 0x000001d35356e070 Thread added: 0x000001d35356e070
Event: 9529.876 Thread 0x000001d35356e700 Thread added: 0x000001d35356e700
Event: 9529.876 Thread 0x000001d35356d350 Thread added: 0x000001d35356d350
Event: 9529.877 Thread 0x000001d353570140 Thread added: 0x000001d353570140
Event: 9529.896 Thread 0x000001d35356ed90 Thread added: 0x000001d35356ed90
Event: 9529.896 Thread 0x000001d35356f420 Thread added: 0x000001d35356f420
Event: 9529.926 Thread 0x000001d354e87770 Thread exited: 0x000001d354e87770
Event: 9529.926 Thread 0x000001d354e88b20 Thread exited: 0x000001d354e88b20
Event: 9530.254 Thread 0x000001d354e8ccc0 Thread exited: 0x000001d354e8ccc0
Event: 9534.936 Thread 0x000001d3524b7db0 Thread exited: 0x000001d3524b7db0
Event: 9534.936 Thread 0x000001d3524b8b50 Thread exited: 0x000001d3524b8b50
Event: 15960.247 Thread 0x000001d354e87770 Thread added: 0x000001d354e87770
Event: 15960.247 Thread 0x000001d354e88b20 Thread added: 0x000001d354e88b20
Event: 15965.262 Thread 0x000001d354e87770 Thread exited: 0x000001d354e87770
Event: 15965.529 Thread 0x000001d354e88b20 Thread exited: 0x000001d354e88b20


Dynamic libraries:
0x00007ff749e10000 - 0x00007ff749e1e000 	C:\Users\Admin\.jdks\openjdk-21.0.1\bin\java.exe
0x00007ffc07d50000 - 0x00007ffc07f48000 	C:\Windows\SYSTEM32\ntdll.dll
0x00007ffc06740000 - 0x00007ffc067fd000 	C:\Windows\System32\KERNEL32.DLL
0x00007ffc05540000 - 0x00007ffc05836000 	C:\Windows\System32\KERNELBASE.dll
0x00007ffc05a00000 - 0x00007ffc05b00000 	C:\Windows\System32\ucrtbase.dll
0x00007ffbf7110000 - 0x00007ffbf712b000 	C:\Users\Admin\.jdks\openjdk-21.0.1\bin\VCRUNTIME140.dll
0x00007ffbf7130000 - 0x00007ffbf7148000 	C:\Users\Admin\.jdks\openjdk-21.0.1\bin\jli.dll
0x00007ffbf9630000 - 0x00007ffbf98ca000 	C:\Windows\WinSxS\amd64_microsoft.windows.common-controls_6595b64144ccf1df_6.0.19041.3636_none_60b6a03d71f818d5\COMCTL32.dll
0x00007ffc06c20000 - 0x00007ffc06cbe000 	C:\Windows\System32\msvcrt.dll
0x00007ffc065a0000 - 0x00007ffc0673e000 	C:\Windows\System32\USER32.dll
0x00007ffc07ce0000 - 0x00007ffc07d0c000 	C:\Windows\System32\GDI32.dll
0x00007ffc05840000 - 0x00007ffc05862000 	C:\Windows\System32\win32u.dll
0x00007ffc05b50000 - 0x00007ffc05c6a000 	C:\Windows\System32\gdi32full.dll
0x00007ffc054a0000 - 0x00007ffc0553d000 	C:\Windows\System32\msvcp_win.dll
0x00007ffc06be0000 - 0x00007ffc06c10000 	C:\Windows\System32\IMM32.DLL
0x00007ffbfe4b0000 - 0x00007ffbfe4bc000 	C:\Users\Admin\.jdks\openjdk-21.0.1\bin\vcruntime140_1.dll
0x00007ffbf7080000 - 0x00007ffbf710e000 	C:\Users\Admin\.jdks\openjdk-21.0.1\bin\msvcp140.dll
0x00007ffbbbc00000 - 0x00007ffbbc915000 	C:\Users\Admin\.jdks\openjdk-21.0.1\bin\server\jvm.dll
0x00007ffc06330000 - 0x00007ffc063df000 	C:\Windows\System32\ADVAPI32.dll
0x00007ffc06500000 - 0x00007ffc0659c000 	C:\Windows\System32\sechost.dll
0x00007ffc05e10000 - 0x00007ffc05f36000 	C:\Windows\System32\RPCRT4.dll
0x00007ffc07280000 - 0x00007ffc072eb000 	C:\Windows\System32\WS2_32.dll
0x00007ffc049e0000 - 0x00007ffc04a2b000 	C:\Windows\SYSTEM32\POWRPROF.dll
0x00007ffbfbc50000 - 0x00007ffbfbc77000 	C:\Windows\SYSTEM32\WINMM.dll
0x00007ffbf6e80000 - 0x00007ffbf6e8a000 	C:\Windows\SYSTEM32\VERSION.dll
0x00007ffc04850000 - 0x00007ffc04862000 	C:\Windows\SYSTEM32\UMPDC.dll
0x00007ffc032f0000 - 0x00007ffc03302000 	C:\Windows\SYSTEM32\kernel.appcore.dll
0x00007ffbf71f0000 - 0x00007ffbf71fa000 	C:\Users\Admin\.jdks\openjdk-21.0.1\bin\jimage.dll
0x00007ffbf2550000 - 0x00007ffbf2734000 	C:\Windows\SYSTEM32\DBGHELP.DLL
0x00007ffbf2140000 - 0x00007ffbf2174000 	C:\Windows\SYSTEM32\dbgcore.DLL
0x00007ffc05c70000 - 0x00007ffc05cf2000 	C:\Windows\System32\bcryptPrimitives.dll
0x00007ffbf7070000 - 0x00007ffbf707f000 	C:\Users\Admin\.jdks\openjdk-21.0.1\bin\instrument.dll
0x00007ffbf6e90000 - 0x00007ffbf6eaf000 	C:\Users\Admin\.jdks\openjdk-21.0.1\bin\java.dll
0x00007ffc07370000 - 0x00007ffc07ab5000 	C:\Windows\System32\SHELL32.dll
0x00007ffc034f0000 - 0x00007ffc03c8b000 	C:\Windows\SYSTEM32\windows.storage.dll
0x00007ffc05fd0000 - 0x00007ffc06324000 	C:\Windows\System32\combase.dll
0x00007ffc04e70000 - 0x00007ffc04e9d000 	C:\Windows\SYSTEM32\Wldp.dll
0x00007ffc069b0000 - 0x00007ffc06a5d000 	C:\Windows\System32\SHCORE.dll
0x00007ffc06950000 - 0x00007ffc069a5000 	C:\Windows\System32\shlwapi.dll
0x00007ffc05360000 - 0x00007ffc05385000 	C:\Windows\SYSTEM32\profapi.dll
0x00007ffbf4720000 - 0x00007ffbf4738000 	C:\Users\Admin\.jdks\openjdk-21.0.1\bin\zip.dll
0x00007ffbf7000000 - 0x00007ffbf7010000 	C:\Users\Admin\.jdks\openjdk-21.0.1\bin\net.dll
0x00007ffbfd650000 - 0x00007ffbfd75a000 	C:\Windows\SYSTEM32\WINHTTP.dll
0x00007ffc04bd0000 - 0x00007ffc04c3a000 	C:\Windows\system32\mswsock.dll
0x00007ffbf40e0000 - 0x00007ffbf40f6000 	C:\Users\Admin\.jdks\openjdk-21.0.1\bin\nio.dll
0x00007ffbf2250000 - 0x00007ffbf226a000 	C:\Program Files\JetBrains\IntelliJ IDEA 2022.3.3\bin\breakgen64.dll
0x00007ffbf3e30000 - 0x00007ffbf3e37000 	C:\Users\Admin\.jdks\openjdk-21.0.1\bin\extnet.dll
0x00007ffc048c0000 - 0x00007ffc0498a000 	C:\Windows\SYSTEM32\DNSAPI.dll
0x00007ffc04870000 - 0x00007ffc048ab000 	C:\Windows\SYSTEM32\IPHLPAPI.DLL
0x00007ffc06860000 - 0x00007ffc06868000 	C:\Windows\System32\NSI.dll
0x00007ffbfa4c0000 - 0x00007ffbfa4ca000 	C:\Windows\System32\rasadhlp.dll
0x00007ffbfa510000 - 0x00007ffbfa590000 	C:\Windows\System32\fwpuclnt.dll
0x00007ffc05870000 - 0x00007ffc05897000 	C:\Windows\System32\bcrypt.dll
0x00007ffbf5e30000 - 0x00007ffbf5e3a000 	C:\Users\Admin\.jdks\openjdk-21.0.1\bin\management.dll
0x00007ffbf4830000 - 0x00007ffbf483b000 	C:\Users\Admin\.jdks\openjdk-21.0.1\bin\management_ext.dll
0x00007ffc07cd0000 - 0x00007ffc07cd8000 	C:\Windows\System32\PSAPI.DLL
0x00007ffc04dc0000 - 0x00007ffc04dd8000 	C:\Windows\SYSTEM32\CRYPTSP.dll
0x00007ffc04490000 - 0x00007ffc044c4000 	C:\Windows\system32\rsaenh.dll
0x00007ffc05320000 - 0x00007ffc0534e000 	C:\Windows\SYSTEM32\USERENV.dll
0x00007ffc04de0000 - 0x00007ffc04dec000 	C:\Windows\SYSTEM32\CRYPTBASE.dll
0x00007ffbf11f0000 - 0x00007ffbf1207000 	C:\Windows\system32\napinsp.dll
0x00007ffbf11d0000 - 0x00007ffbf11eb000 	C:\Windows\system32\pnrpnsp.dll
0x00007ffbf11b0000 - 0x00007ffbf11c5000 	C:\Windows\system32\wshbth.dll
0x00007ffc01e90000 - 0x00007ffc01ead000 	C:\Windows\system32\NLAapi.dll
0x00007ffbf1190000 - 0x00007ffbf11a2000 	C:\Windows\System32\winrnr.dll
0x00007ffbf3980000 - 0x00007ffbf398e000 	C:\Users\Admin\.jdks\openjdk-21.0.1\bin\sunmscapi.dll
0x00007ffc058a0000 - 0x00007ffc059fd000 	C:\Windows\System32\CRYPT32.dll
0x00007ffc04ee0000 - 0x00007ffc04f07000 	C:\Windows\SYSTEM32\ncrypt.dll
0x00007ffc04ea0000 - 0x00007ffc04edb000 	C:\Windows\SYSTEM32\NTASN1.dll
0x00007ffbf6a30000 - 0x00007ffbf6a40000 	C:\Users\Admin\.jdks\openjdk-21.0.1\bin\verify.dll
0x00007ffbfe4e0000 - 0x00007ffbfe4e7000 	C:\Windows\system32\wshunix.dll

dbghelp: loaded successfully - version: 4.0.5 - missing functions: none
symbol engine: initialized successfully - sym options: 0x614 - pdb path: .;C:\Users\Admin\.jdks\openjdk-21.0.1\bin;C:\Windows\SYSTEM32;C:\Windows\WinSxS\amd64_microsoft.windows.common-controls_6595b64144ccf1df_6.0.19041.3636_none_60b6a03d71f818d5;C:\Users\Admin\.jdks\openjdk-21.0.1\bin\server;C:\Program Files\JetBrains\IntelliJ IDEA 2022.3.3\bin

VM Arguments:
jvm_args: -XX:TieredStopAtLevel=1 -Dspring.output.ansi.enabled=always -Dcom.sun.management.jmxremote -Dspring.jmx.enabled=true -Dspring.liveBeansView.mbeanDomain -Dspring.application.admin.enabled=true -Dmanagement.endpoints.jmx.exposure.include=* -javaagent:C:\Program Files\JetBrains\IntelliJ IDEA 2022.3.3\lib\idea_rt.jar=56325:C:\Program Files\JetBrains\IntelliJ IDEA 2022.3.3\bin -Dfile.encoding=UTF-8 -Dsun.stdout.encoding=UTF-8 -Dsun.stderr.encoding=UTF-8 
java_command: com.example.fashion.FashionApplication
java_class_path (initial): D:\c0623g1\project\C0623G1-Repo-BE\fashion\build\classes\java\main;D:\c0623g1\project\C0623G1-Repo-BE\fashion\build\resources\main;C:\Users\Admin\.gradle\caches\modules-2\files-2.1\org.projectlombok\lombok\1.18.30\f195ee86e6c896ea47a1d39defbe20eb59cd149d\lombok-1.18.30.jar;C:\Users\Admin\.gradle\caches\modules-2\files-2.1\org.springframework.boot\spring-boot-starter-data-jpa\3.1.6\535bcd3a36cf2646c7f3f8d6521a23c1dae0b66e\spring-boot-starter-data-jpa-3.1.6.jar;C:\Users\Admin\.gradle\caches\modules-2\files-2.1\org.springframework.boot\spring-boot-starter-validation\3.1.6\4a4d1352bf52a82e36010f81561309d3dc6b1424\spring-boot-starter-validation-3.1.6.jar;C:\Users\Admin\.gradle\caches\modules-2\files-2.1\org.springframework.boot\spring-boot-starter-web\3.1.6\1556b1e19f80ab0c64f12910d4bd0945cc4cb96c\spring-boot-starter-web-3.1.6.jar;C:\Users\Admin\.gradle\caches\modules-2\files-2.1\org.springframework.boot\spring-boot-starter-security\3.1.6\dcb2408b16d7a4a66ef625ba2a23461edda2c2ed\spring-boot-starter-security-3.1.6.jar;C:\Users\Admin\.gradle\caches\modules-2\files-2.1\io.jsonwebtoken\jjwt\0.12.3\3614f4633028b1a16ae6979fea0941cc3ea58ca2\jjwt-0.12.3.jar;C:\Users\Admin\.gradle\caches\modules-2\files-2.1\org.springframework.boot\spring-boot-starter-aop\3.1.6\7773692d2c39eac0b0d99fb4ffe6c88d4ce20837\spring-boot-starter-aop-3.1.6.jar;C:\Users\Admin\.gradle\caches\modules-2\files-2.1\org.springframework.boot\spring-boot-starter-jdbc\3.1.6\2248ce90b758de61740ead2103a25f3e218a02ac\spring-boot-starter-jdbc-3.1.6.jar;C:\Users\Admin\.gradle\caches\modules-2\files-2.1\org.hibernate.orm\hibernate-core\6.2.13.Final\de458672b40154ab9ecfe7466987ad1772167af8\hibernate-core-6.2.13.Final.jar;C:\Users\Admin\.gradle\caches\modules-2\files-2.1\org.springframework.data\spring-data-jpa\3.1.6\9b3424e74505318e3c8553c23281683302924805\spring-data-jpa-3.1.6.jar;C:\Users\Admin\.gradle\caches\modules-2\files-2.1\org.springframework\spring-aspects\6.0.14\42e43174e45a4d456568349d28eba690c54fae2\spring-aspects-6.0.14.jar;C:\Users\Admin\.gradle\caches\modules-2\files-2.1\org.springframework.boot\spring-boot-starter\3.1.6\87c6df827bb54d017ceec5f98c070e8642d23cdf\spring-boot-starter-3.1.6.jar;C:\Users\Admin\.gradle\caches\modules-2\files-2.1\org.apache.tomcat.embed\tomcat-embed-el\10.1.16\f057e54bfffe99df7f0d04cd4e688e55bf8a0da5\tomcat-embed-el-10.1.16.jar;C:\Users\Admin\.gradle\caches\modules-2\files-2.1\org.hibernate.validator\hibernate-validator\8.0.1.Final\e49e116b3d3928060599b176b3538bb848718e95\hibernate-validator-8.0.1.Final.jar;C:\Users\Admin\.gradle\caches\modules-2\files-2.1\org.springframework.boot\spring-boot-starter-json\3.1.6\87b79574e35f5de40d014edaa6ba61415d98881c\spring-boot-starter-json-3.1.6.jar;C:\Users\Admin\.gradle\caches\modules-2\files-2.1\org.springframework.boot\spring-boot-starter-tomcat\3.1.6\418851e4dcdfd8a134b846cccdd79b78c7c52f8b\spring-boot-starter-tomcat-3.1.6.jar;C:\Users\Admin\.gradle\caches\modules-2\files-2.1\org.springframework\spring-webmvc\6.0.14\198b9f87c2ba71b25034cd7fd48c69767986f651\spring-webmvc-6.0.14.jar;C:\Users\Admin\.gradle\caches\modules-2\files-2.1\org.springframework\spring-web\6.0.14\ba2b2695f0db6985542240d49dff75315d8f8aff\spring-web-6.0.14.jar;C:\Users\Admin\.gradle\caches\modules-2\files-2.1\org.springframework.security\spring-security-web\6.1.5\51ebfc2c683feca057a1d9696d906fc77bd79db6\spring-security-web-6.1.5.jar;C:\Users\Admin\.gradle\caches\modules-2\files-2.1\org.springframework.security\spring-security-config\6.1.5\be13612112c6400267c14320562078e8b50e65f6\spring-security-config-6.1.5.jar;C:\Users\Admin\.gradle\caches\modules-2\files-2.1\org.springframework\spring-aop\6.0.14\62be8e9d1f9479e584a076d0d36ca482b0f89657\spring-aop-6.0.14.jar;C:\Users\Admin\.gradle\caches\modules-2\files-2.1\io.jsonwebtoken\jjwt-api\0.12.3\30b7de9176d17fa347eef14b85480825dab76b58\jjwt-api-0.12.3.jar;C:\Users\Admin\.gradle\caches\modules-2\files-2.1\org.aspectj\aspectjweaver\1.9.20.1\33b0e41476658229933eec7134678cf336e66dd4\aspectjweaver-1.9.20.1.jar;C:\Users\Admin\.gradle\caches\modules-2\files-2.1\com.zaxxer\HikariCP\5.0.1\a74c7f0a37046846e88d54f7cb6ea6d565c65f9c\HikariCP-5.0.1.jar;C:\Users\Admin\.gradle\caches\modules-2\files-2.1\org.springframework\spring-jdbc\6.0.14\26b54aa58e6d68d4a3ce3edd3a974c9dbae85d03\spring-jdbc-6.0.14.jar;C:\Users\Admin\.gradle\caches\modules-2\files-2.1\jakarta.persistence\jakarta.persistence-api\3.1.0\66901fa1c373c6aff65c13791cc11da72060a8d6\jakarta.persistence-api-3.1.0.jar;C:\Users\Admin\.gradle\caches\modules-2\files-2.1\jakarta.transaction\jakarta.transaction-api\2.0.1\51a520e3fae406abb84e2e1148e6746ce3f80a1a\jakarta.transaction-api-2.0.1.jar;C:\Users\Admin\.gradle\caches\modules-2\files-2.1\org.springframework\spring-context\6.0.14\454b4cada2fb84e697384f2317a57d78b816352\spring-context-6.0.14.jar;C:\Users\Admin\.gradle\caches\modules-2\files-2.1\org.springframework\spring-orm\6.0.14\80502db9b62607f11c669b4aceb3937f7350abc1\spring-orm-6.0.14.jar;C:\Users\Admin\.gradle\caches\modules-2\files-2.1\org.springframework.data\spring-data-commons\3.1.6\2f4a3abb4d9d4085f6ad12d6037a02d939f63571\spring-data-commons-3.1.6.jar;C:\Users\Admin\.gradle\caches\modules-2\files-2.1\org.springframework\spring-tx\6.0.14\4b4ebb9d29bf7e2c79a5bb9cf5daeca4f5a64ee2\spring-tx-6.0.14.jar;C:\Users\Admin\.gradle\caches\modules-2\files-2.1\org.springframework\spring-beans\6.0.14\75ae81358eb4724980752e2bda27d9ee7b5206e\spring-beans-6.0.14.jar;C:\Users\Admin\.gradle\caches\modules-2\files-2.1\org.springframework\spring-core\6.0.14\2c848d79cab58588f7c77290e5d0fa4dba57a4\spring-core-6.0.14.jar;C:\Users\Admin\.gradle\caches\modules-2\files-2.1\org.antlr\antlr4-runtime\4.10.1\10839f875928f59c622d675091d51a43ea0dc5f7\antlr4-runtime-4.10.1.jar;C:\Users\Admin\.gradle\caches\modules-2\files-2.1\jakarta.annotation\jakarta.annotation-api\2.1.1\48b9bda22b091b1f48b13af03fe36db3be6e1ae3\jakarta.annotation-api-2.1.1.jar;C:\Users\Admin\.gradle\caches\modules-2\files-2.1\org.slf4j\slf4j-api\2.0.9\7cf2726fdcfbc8610f9a71fb3ed639871f315340\slf4j-api-2.0.9.jar;C:\Users\Admin\.gradle\caches\modules-2\files-2.1\org.springframework.boot\spring-boot-autoconfigure\3.1.6\ccb9f694dabbfda7779ac56b9323c60be433b94c\spring-boot-autoconfigure-3.1.6.jar;C:\Users\Admin\.gradle\caches\modules-2\files-2.1\org.springframework.boot\spring-boot\3.1.6\ccea7ba1d8a2d0e46e8115cae5d9002e37c3b742\spring-boot-3.1.6.jar;C:\Users\Admin\.gradle\caches\modules-2\files-2.1\org.springframework.boot\spring-boot-starter-logging\3.1.6\dc5af31a36205610c5fee82e034b7ffe9c5adb25\spring-boot-starter-logging-3.1.6.jar;C:\Users\Admin\.gradle\caches\modules-2\files-2.1\org.yaml\snakeyaml\1.33\2cd0a87ff7df953f810c344bdf2fe3340b954c69\snakeyaml-1.33.jar;C:\Users\Admin\.gradle\caches\modules-2\files-2.1\jakarta.validation\jakarta.validation-api\3.0.2\92b6631659ba35ca09e44874d3eb936edfeee532\jakarta.validation-api-3.0.2.jar;C:\Users\Admin\.gradle\caches\modules-2\files-2.1\org.jboss.logging\jboss-logging\3.5.3.Final\c88fc1d8a96d4c3491f55d4317458ccad53ca663\jboss-logging-3.5.3.Final.jar;C:\Users\Admin\.gradle\caches\modules-2\files-2.1\com.fasterxml\classmate\1.5.1\3fe0bed568c62df5e89f4f174c101eab25345b6c\classmate-1.5.1.jar;C:\Users\Admin\.gradle\caches\modules-2\files-2.1\com.fasterxml.jackson.datatype\jackson-datatype-jsr310\2.15.3\4a20a0e104931bfa72f24ef358c2eb63f1ef2aaf\jackson-datatype-jsr310-2.15.3.jar;C:\Users\Admin\.gradle\caches\modules-2\files-2.1\com.fasterxml.jackson.module\jackson-module-parameter-names\2.15.3\8d251b90c5358677e7d8161e0c2488e6f84f49da\jackson-module-parameter-names-2.15.3.jar;C:\Users\Admin\.gradle\caches\modules-2\files-2.1\com.fasterxml.jackson.datatype\jackson-datatype-jdk8\2.15.3\80158cb020c7bd4e4ba94d8d752a65729dc943b2\jackson-datatype-jdk8-2.15.3.jar;C:\Users\Admin\.gradle\caches\modules-2\files-2.1\com.fasterxml.jackson.core\jackson-databind\2.15.3\a734bc2c47a9453c4efa772461a3aeb273c010d9\jackson-databind-2.15.3.jar;C:\Users\Admin\.gradle\caches\modules-2\files-2.1\org.apache.tomcat.embed\tomcat-embed-websocket\10.1.16\5c372739ee9409b47c474d8d47d276a7cd9bc2b\tomcat-embed-websocket-10.1.16.jar;C:\Users\Admin\.gradle\caches\modules-2\files-2.1\org.apache.tomcat.embed\tomcat-embed-core\10.1.16\176162fb3998856a90436826034ffe5d25beaeb9\tomcat-embed-core-10.1.16.jar;C:\Users\Admin\.gradle\caches\modules-2\files-2.1\org.springframework\spring-expression\6.0.14\da219ae3914cd7943794bc4cd067ab6957a5f54a\spring-expression-6.0.14.jar;C:\Users\Admin\.gradle\caches\modules-2\files-2.1\io.micrometer\micrometer-observation\1.11.6\b2118ec832363e0164437dae5011ce05da4379e1\micrometer-observation-1.11.6.jar;C:\Users\Admin\.gradle\caches\modules-2\files-2.1\org.springframework.security\spring-security-core\6.1.5\bc6fe788306b296c210db471a02d7d8f2ea4e7cd\spring-security-core-6.1.5.jar;C:\Users\Admin\.gradle\caches\modules-2\files-2.1\org.springframework\spring-jcl\6.0.14\f26f74670c0aa65a290c5c8b64335fd6d909025e\spring-jcl-6.0.14.jar;C:\Users\Admin\.gradle\caches\modules-2\files-2.1\ch.qos.logback\logback-classic\1.4.11\54450c0c783e896a1a6d88c043bd2f1daba1c382\logback-classic-1.4.11.jar;C:\Users\Admin\.gradle\caches\modules-2\files-2.1\org.apache.logging.log4j\log4j-to-slf4j\2.20.0\d37f81f8978e2672bc32c82712ab4b3f66624adc\log4j-to-slf4j-2.20.0.jar;C:\Users\Admin\.gradle\caches\modules-2\files-2.1\org.slf4j\jul-to-slf4j\2.0.9\9ef7c70b248185845f013f49a33ff9ca65b7975\jul-to-slf4j-2.0.9.jar;C:\Users\Admin\.gradle\caches\modules-2\files-2.1\com.fasterxml.jackson.core\jackson-annotations\2.15.3\79baf4e605eb3bbb60b1c475d44a7aecceea1d60\jackson-annotations-2.15.3.jar;C:\Users\Admin\.gradle\caches\modules-2\files-2.1\com.fasterxml.jackson.core\jackson-core\2.15.3\60d600567c1862840397bf9ff5a92398edc5797b\jackson-core-2.15.3.jar;C:\Users\Admin\.gradle\caches\modules-2\files-2.1\io.micrometer\micrometer-commons\1.11.6\dd9f19dca9b82d312894660efeed7931ab68346d\micrometer-commons-1.11.6.jar;C:\Users\Admin\.gradle\caches\modules-2\files-2.1\org.springframework.security\spring-security-crypto\6.1.5\971a767ef1ef6bea94486ac944f0e17b143dc680\spring-security-crypto-6.1.5.jar;C:\Users\Admin\.gradle\caches\modules-2\files-2.1\ch.qos.logback\logback-core\1.4.11\2f9f280219a9922a74200eaf7138c4c17fb87c0f\logback-core-1.4.11.jar;C:\Users\Admin\.gradle\caches\modules-2\files-2.1\org.apache.logging.log4j\log4j-api\2.20.0\1fe6082e660daf07c689a89c94dc0f49c26b44bb\log4j-api-2.20.0.jar;C:\Users\Admin\.gradle\caches\modules-2\files-2.1\org.springframework.boot\spring-boot-devtools\3.1.6\721fa19867711381e9b7ca9d1131cc16ab342be2\spring-boot-devtools-3.1.6.jar;C:\Users\Admin\.gradle\caches\modules-2\files-2.1\com.mysql\mysql-connector-j\8.0.33\9e64d997873abc4318620264703d3fdb6b02dd5a\mysql-connector-j-8.0.33.jar;C:\Users\Admin\.gradle\caches\modules-2\files-2.1\io.jsonwebtoken\jjwt-impl\0.12.3\e850d2b3f53bd82355cd9ee1c471054aa602b320\jjwt-impl-0.12.3.jar;C:\Users\Admin\.gradle\caches\modules-2\files-2.1\io.jsonwebtoken\jjwt-jackson\0.12.3\5e6d0e45441547d892d3273a4ce5dd042e91d162\jjwt-jackson-0.12.3.jar;C:\Users\Admin\.gradle\caches\modules-2\files-2.1\org.hibernate.common\hibernate-commons-annotations\6.0.6.Final\77a5f94b56d49508e0ee334751db5b78e5ccd50c\hibernate-commons-annotations-6.0.6.Final.jar;C:\Users\Admin\.gradle\caches\modules-2\files-2.1\io.smallrye\jandex\3.0.5\c548a4871b552292dbdd65409d3fda145c8925c1\jandex-3.0.5.jar;C:\Users\Admin\.gradle\caches\modules-2\files-2.1\net.bytebuddy\byte-buddy\1.14.10\8117daf4a612122eb4f517f66adff778cb8b4737\byte-buddy-1.14.10.jar;C:\Users\Admin\.gradle\caches\modules-2\files-2.1\org.glassfish.jaxb\jaxb-runtime\4.0.4\7180c50ef8bd127bb1dd645458b906cffcf6c2b5\jaxb-runtime-4.0.4.jar;C:\Users\Admin\.gradle\caches\modules-2\files-2.1\jakarta.xml.bind\jakarta.xml.bind-api\4.0.1\ca2330866cbc624c7e5ce982e121db1125d23e15\jakarta.xml.bind-api-4.0.1.jar;C:\Users\Admin\.gradle\caches\modules-2\files-2.1\jakarta.inject\jakarta.inject-api\2.0.1\4c28afe1991a941d7702fe1362c365f0a8641d1e\jakarta.inject-api-2.0.1.jar;C:\Users\Admin\.gradle\caches\modules-2\files-2.1\org.glassfish.jaxb\jaxb-core\4.0.4\2d5aadd02af86f1e9d8c6f7e8501673f915d4e25\jaxb-core-4.0.4.jar;C:\Users\Admin\.gradle\caches\modules-2\files-2.1\jakarta.activation\jakarta.activation-api\2.1.2\640c0d5aff45dbff1e1a1bc09673ff3a02b1ba12\jakarta.activation-api-2.1.2.jar;C:\Users\Admin\.gradle\caches\modules-2\files-2.1\org.eclipse.angus\angus-activation\2.0.1\eaafaf4eb71b400e4136fc3a286f50e34a68ecb7\angus-activation-2.0.1.jar;C:\Users\Admin\.gradle\caches\modules-2\files-2.1\org.glassfish.jaxb\txw2\4.0.4\cfd2bcf08782673ac370694fdf2cf76dbaa607ef\txw2-4.0.4.jar;C:\Users\Admin\.gradle\caches\modules-2\files-2.1\com.sun.istack\istack-commons-runtime\4.1.2\18ec117c85f3ba0ac65409136afa8e42bc74e739\istack-commons-runtime-4.1.2.jar
Launcher Type: SUN_STANDARD

[Global flags]
     intx CICompilerCount                          = 3                                         {product} {ergonomic}
     uint ConcGCThreads                            = 1                                         {product} {ergonomic}
     uint G1ConcRefinementThreads                  = 4                                         {product} {ergonomic}
   size_t G1HeapRegionSize                         = 1048576                                   {product} {ergonomic}
    uintx GCDrainStackTargetSize                   = 64                                        {product} {ergonomic}
   size_t InitialHeapSize                          = 134217728                                 {product} {ergonomic}
     bool ManagementServer                         = true                                      {product} {command line}
   size_t MarkStackSize                            = 4194304                                   {product} {ergonomic}
   size_t MaxHeapSize                              = 2128609280                                {product} {ergonomic}
   size_t MaxNewSize                               = 1277165568                                {product} {ergonomic}
   size_t MinHeapDeltaBytes                        = 1048576                                   {product} {ergonomic}
   size_t MinHeapSize                              = 8388608                                   {product} {ergonomic}
    uintx NonNMethodCodeHeapSize                   = 4096                                   {pd product} {ergonomic}
    uintx NonProfiledCodeHeapSize                  = 0                                      {pd product} {ergonomic}
     bool PerfDisableSharedMem                     = true                                      {product} {ergonomic}
     bool ProfileInterpreter                       = false                                  {pd product} {command line}
    uintx ProfiledCodeHeapSize                     = 0                                      {pd product} {ergonomic}
   size_t SoftMaxHeapSize                          = 2128609280                             {manageable} {ergonomic}
     intx TieredStopAtLevel                        = 1                                         {product} {command line}
     bool UseCompressedOops                        = true                           {product lp64_product} {ergonomic}
     bool UseG1GC                                  = true                                      {product} {ergonomic}
     bool UseLargePagesIndividualAllocation        = false                                  {pd product} {ergonomic}

Logging:
Log output configuration:
 #0: stdout all=warning uptime,level,tags foldmultilines=false
 #1: stderr all=off uptime,level,tags foldmultilines=false

Environment Variables:
PATH=C:\Program Files (x86)\Common Files\Oracle\Java\javapath;C:\Windows\system32;C:\Windows;C:\Windows\System32\Wbem;C:\Windows\System32\WindowsPowerShell\v1.0\;C:\Windows\System32\OpenSSH\;C:\Program Files\Git\cmd;C:\Program Files\nodejs\;C:\Users\Admin\AppData\Local\Microsoft\WindowsApps;C:\Users\Admin\AppData\Local\Programs\Microsoft VS Code\bin;C:\Users\Admin\AppData\Roaming\npm;C:\Program Files\nodejs;
USERNAME=TU?N
OS=Windows_NT
PROCESSOR_IDENTIFIER=Intel64 Family 6 Model 69 Stepping 1, GenuineIntel
TMP=C:\Users\Admin\AppData\Local\Temp
TEMP=C:\Users\Admin\AppData\Local\Temp




Periodic native trim disabled

---------------  S Y S T E M  ---------------

OS:
 Windows 10 , 64 bit Build 19041 (10.0.19041.3636)
OS uptime: 0 days 21:48 hours

CPU: total 4 (initial active 4) (2 cores per cpu, 2 threads per core) family 6 model 69 stepping 1 microcode 0x25, cx8, cmov, fxsr, ht, mmx, sse, sse2, sse3, ssse3, sse4.1, sse4.2, popcnt, lzcnt, tsc, tscinvbit, avx, avx2, aes, erms, clmul, bmi1, bmi2, fma, vzeroupper, clflush, rdtscp, f16c
Processor Information for all 4 processors :
  Max Mhz: 2301, Current Mhz: 1600, Mhz Limit: 1587

Memory: 4k page, system-wide physical 8112M (567M free)
TotalPageFile size 15989M (AvailPageFile size 1036M)
current process WorkingSet (physical memory assigned to process): 83M, peak: 235M
current process commit charge ("private bytes"): 278M, peak: 286M

vm_info: OpenJDK 64-Bit Server VM (21.0.1+12-29) for windows-amd64 JRE (21.0.1+12-29), built on 2023-10-05T13:27:09Z by "mach5one" with MS VC++ 17.1 (VS2022)

END.
